<?xml version="1.0" encoding="UTF-8"?>
<testsuite name="com.project.love_data.UserTest" tests="1" skipped="0" failures="0" errors="0" timestamp="2021-04-04T16:58:06" hostname="MYPC" time="0.217">
  <properties/>
  <testcase name="testRead_emailSocial_Success()" classname="com.project.love_data.UserTest" time="0.217"/>
  <system-out><![CDATA[01:58:01.352 [Test worker] DEBUG org.springframework.test.context.BootstrapUtils - Instantiating CacheAwareContextLoaderDelegate from class [org.springframework.test.context.cache.DefaultCacheAwareContextLoaderDelegate]
01:58:01.363 [Test worker] DEBUG org.springframework.test.context.BootstrapUtils - Instantiating BootstrapContext using constructor [public org.springframework.test.context.support.DefaultBootstrapContext(java.lang.Class,org.springframework.test.context.CacheAwareContextLoaderDelegate)]
01:58:01.399 [Test worker] DEBUG org.springframework.test.context.BootstrapUtils - Instantiating TestContextBootstrapper for test class [com.project.love_data.UserTest] from class [org.springframework.boot.test.context.SpringBootTestContextBootstrapper]
01:58:01.411 [Test worker] INFO org.springframework.boot.test.context.SpringBootTestContextBootstrapper - Neither @ContextConfiguration nor @ContextHierarchy found for test class [com.project.love_data.UserTest], using SpringBootContextLoader
01:58:01.415 [Test worker] DEBUG org.springframework.test.context.support.AbstractContextLoader - Did not detect default resource location for test class [com.project.love_data.UserTest]: class path resource [com/project/love_data/UserTest-context.xml] does not exist
01:58:01.415 [Test worker] DEBUG org.springframework.test.context.support.AbstractContextLoader - Did not detect default resource location for test class [com.project.love_data.UserTest]: class path resource [com/project/love_data/UserTestContext.groovy] does not exist
01:58:01.416 [Test worker] INFO org.springframework.test.context.support.AbstractContextLoader - Could not detect default resource locations for test class [com.project.love_data.UserTest]: no resource found for suffixes {-context.xml, Context.groovy}.
01:58:01.416 [Test worker] INFO org.springframework.test.context.support.AnnotationConfigContextLoaderUtils - Could not detect default configuration classes for test class [com.project.love_data.UserTest]: UserTest does not declare any static, non-private, non-final, nested classes annotated with @Configuration.
01:58:01.458 [Test worker] DEBUG org.springframework.test.context.support.ActiveProfilesUtils - Could not find an 'annotation declaring class' for annotation type [org.springframework.test.context.ActiveProfiles] and class [com.project.love_data.UserTest]
01:58:01.521 [Test worker] DEBUG org.springframework.context.annotation.ClassPathScanningCandidateComponentProvider - Identified candidate component class: file [D:\Study\GitHub\Projects\Team Project\love_data\build\classes\java\main\com\project\love_data\LoveDataApplication.class]
01:58:01.522 [Test worker] INFO org.springframework.boot.test.context.SpringBootTestContextBootstrapper - Found @SpringBootConfiguration com.project.love_data.LoveDataApplication for test class com.project.love_data.UserTest
01:58:01.622 [Test worker] DEBUG org.springframework.boot.test.context.SpringBootTestContextBootstrapper - @TestExecutionListeners is not present for class [com.project.love_data.UserTest]: using defaults.
01:58:01.623 [Test worker] INFO org.springframework.boot.test.context.SpringBootTestContextBootstrapper - Loaded default TestExecutionListener class names from location [META-INF/spring.factories]: [org.springframework.security.test.context.support.WithSecurityContextTestExecutionListener, org.springframework.security.test.context.support.ReactorContextTestExecutionListener, org.springframework.boot.test.autoconfigure.restdocs.RestDocsTestExecutionListener, org.springframework.boot.test.autoconfigure.web.client.MockRestServiceServerResetTestExecutionListener, org.springframework.boot.test.autoconfigure.web.servlet.MockMvcPrintOnlyOnFailureTestExecutionListener, org.springframework.boot.test.autoconfigure.web.servlet.WebDriverTestExecutionListener, org.springframework.boot.test.autoconfigure.webservices.client.MockWebServiceServerTestExecutionListener, org.springframework.boot.test.mock.mockito.MockitoTestExecutionListener, org.springframework.boot.test.mock.mockito.ResetMocksTestExecutionListener, org.springframework.test.context.web.ServletTestExecutionListener, org.springframework.test.context.support.DirtiesContextBeforeModesTestExecutionListener, org.springframework.test.context.event.ApplicationEventsTestExecutionListener, org.springframework.test.context.support.DependencyInjectionTestExecutionListener, org.springframework.test.context.support.DirtiesContextTestExecutionListener, org.springframework.test.context.transaction.TransactionalTestExecutionListener, org.springframework.test.context.jdbc.SqlScriptsTestExecutionListener, org.springframework.test.context.event.EventPublishingTestExecutionListener]
01:58:01.646 [Test worker] INFO org.springframework.boot.test.context.SpringBootTestContextBootstrapper - Using TestExecutionListeners: [org.springframework.test.context.web.ServletTestExecutionListener@7eef541b, org.springframework.test.context.support.DirtiesContextBeforeModesTestExecutionListener@1b78d26a, org.springframework.test.context.event.ApplicationEventsTestExecutionListener@6cd05690, org.springframework.boot.test.mock.mockito.MockitoTestExecutionListener@5a701fe2, org.springframework.boot.test.autoconfigure.SpringBootDependencyInjectionTestExecutionListener@5e3bd73b, org.springframework.test.context.support.DirtiesContextTestExecutionListener@38db514, org.springframework.test.context.transaction.TransactionalTestExecutionListener@6d070723, org.springframework.test.context.jdbc.SqlScriptsTestExecutionListener@37529a6e, org.springframework.security.test.context.support.WithSecurityContextTestExecutionListener@375011b0, org.springframework.test.context.event.EventPublishingTestExecutionListener@591b375b, org.springframework.security.test.context.support.ReactorContextTestExecutionListener@cf00d44, org.springframework.boot.test.autoconfigure.restdocs.RestDocsTestExecutionListener@2fd2675e, org.springframework.boot.test.autoconfigure.web.client.MockRestServiceServerResetTestExecutionListener@18383e85, org.springframework.boot.test.autoconfigure.web.servlet.MockMvcPrintOnlyOnFailureTestExecutionListener@18996336, org.springframework.boot.test.autoconfigure.web.servlet.WebDriverTestExecutionListener@148fc74c, org.springframework.boot.test.autoconfigure.webservices.client.MockWebServiceServerTestExecutionListener@285bba14, org.springframework.boot.test.mock.mockito.ResetMocksTestExecutionListener@71ce658c]
01:58:01.650 [Test worker] DEBUG org.springframework.test.context.support.AbstractDirtiesContextTestExecutionListener - Before test class: context [DefaultTestContext@57d7caf6 testClass = UserTest, testInstance = [null], testMethod = [null], testException = [null], mergedContextConfiguration = [WebMergedContextConfiguration@4bdcd0b0 testClass = UserTest, locations = '{}', classes = '{class com.project.love_data.LoveDataApplication}', contextInitializerClasses = '[]', activeProfiles = '{}', propertySourceLocations = '{}', propertySourceProperties = '{org.springframework.boot.test.context.SpringBootTestContextBootstrapper=true}', contextCustomizers = set[org.springframework.boot.test.autoconfigure.actuate.metrics.MetricsExportContextCustomizerFactory$DisableMetricExportContextCustomizer@13f9186, org.springframework.boot.test.autoconfigure.properties.PropertyMappingContextCustomizer@0, org.springframework.boot.test.autoconfigure.web.servlet.WebDriverContextCustomizerFactory$Customizer@6b21a5b4, org.springframework.boot.test.context.filter.ExcludeFilterContextCustomizer@7025a31c, org.springframework.boot.test.json.DuplicateJsonObjectContextCustomizerFactory$DuplicateJsonObjectContextCustomizer@636b3db, org.springframework.boot.test.mock.mockito.MockitoContextCustomizer@0, org.springframework.boot.test.web.client.TestRestTemplateContextCustomizer@3ecb5139, org.springframework.boot.test.context.SpringBootTestArgs@1, org.springframework.boot.test.context.SpringBootTestWebEnvironment@4c84b8f4], resourceBasePath = 'src/main/webapp', contextLoader = 'org.springframework.boot.test.context.SpringBootContextLoader', parent = [null]], attributes = map['org.springframework.test.context.web.ServletTestExecutionListener.activateListener' -> true]], class annotated with @DirtiesContext [false] with mode [null].
01:58:01.677 [Test worker] DEBUG org.springframework.test.context.support.TestPropertySourceUtils - Adding inlined properties to environment: {spring.jmx.enabled=false, org.springframework.boot.test.context.SpringBootTestContextBootstrapper=true}

  .   ____          _            __ _ _
 /\\ / ___'_ __ _ _(_)_ __  __ _ \ \ \ \
( ( )\___ | '_ | '_| | '_ \/ _` | \ \ \ \
 \\/  ___)| |_)| | | | | || (_| |  ) ) ) )
  '  |____| .__|_| |_|_| |_\__, | / / / /
 =========|_|==============|___/=/_/_/_/
 :: Spring Boot ::                (v2.4.4)

2021-04-05 01:58:02.014  INFO 3952 --- [    Test worker] com.project.love_data.UserTest           : Starting UserTest using Java 1.8.0_281 on MyPC with PID 3952 (started by ARA in D:\Study\GitHub\Projects\Team Project\love_data)
2021-04-05 01:58:02.016  INFO 3952 --- [    Test worker] com.project.love_data.UserTest           : No active profile set, falling back to default profiles: default
2021-04-05 01:58:02.679  INFO 3952 --- [    Test worker] .s.d.r.c.RepositoryConfigurationDelegate : Bootstrapping Spring Data JPA repositories in DEFAULT mode.
2021-04-05 01:58:02.736  INFO 3952 --- [    Test worker] .s.d.r.c.RepositoryConfigurationDelegate : Finished Spring Data repository scanning in 49 ms. Found 2 JPA repository interfaces.
2021-04-05 01:58:02.858  WARN 3952 --- [    Test worker] o.m.s.mapper.ClassPathMapperScanner      : No MyBatis mapper was found in '[com.project.love_data]' package. Please check your configuration.
2021-04-05 01:58:03.049  INFO 3952 --- [    Test worker] trationDelegate$BeanPostProcessorChecker : Bean 'org.springframework.ws.config.annotation.DelegatingWsConfiguration' of type [org.springframework.ws.config.annotation.DelegatingWsConfiguration$$EnhancerBySpringCGLIB$$b61c34f0] is not eligible for getting processed by all BeanPostProcessors (for example: not eligible for auto-proxying)
2021-04-05 01:58:03.103  INFO 3952 --- [    Test worker] .w.s.a.s.AnnotationActionEndpointMapping : Supporting [WS-Addressing August 2004, WS-Addressing 1.0]
2021-04-05 01:58:03.457 DEBUG 3952 --- [    Test worker] o.hibernate.jpa.internal.util.LogHelper  : PersistenceUnitInfo [
	name: default
	persistence provider classname: null
	classloader: sun.misc.Launcher$AppClassLoader@73d16e93
	excludeUnlistedClasses: true
	JTA datasource: null
	Non JTA datasource: HikariDataSource (null)
	Transaction type: RESOURCE_LOCAL
	PU root URL: file:/D:/Study/GitHub/Projects/Team%20Project/love_data/build/classes/java/test/
	Shared Cache Mode: UNSPECIFIED
	Validation Mode: AUTO
	Jar files URLs []
	Managed classes names [
		com.project.love_data.model.Test
		com.project.love_data.model.User]
	Mapping files names []
	Properties []
2021-04-05 01:58:03.473 DEBUG 3952 --- [    Test worker] o.h.i.internal.IntegratorServiceImpl     : Adding Integrator [org.hibernate.cfg.beanvalidation.BeanValidationIntegrator].
2021-04-05 01:58:03.474 DEBUG 3952 --- [    Test worker] o.h.i.internal.IntegratorServiceImpl     : Adding Integrator [org.hibernate.secure.spi.JaccIntegrator].
2021-04-05 01:58:03.476 DEBUG 3952 --- [    Test worker] o.h.i.internal.IntegratorServiceImpl     : Adding Integrator [org.hibernate.cache.internal.CollectionCacheInvalidator].
2021-04-05 01:58:03.516  INFO 3952 --- [    Test worker] org.hibernate.Version                    : HHH000412: Hibernate ORM core version 5.4.29.Final
2021-04-05 01:58:03.517 DEBUG 3952 --- [    Test worker] org.hibernate.cfg.Environment            : HHH000206: hibernate.properties not found
2021-04-05 01:58:03.639 DEBUG 3952 --- [    Test worker] o.hibernate.service.spi.ServiceBinding   : Overriding existing service binding [org.hibernate.secure.spi.JaccService]
2021-04-05 01:58:03.651 DEBUG 3952 --- [    Test worker] o.h.c.internal.RegionFactoryInitiator    : Cannot default RegionFactory based on registered strategies as `[]` RegionFactory strategies were registered
2021-04-05 01:58:03.652 DEBUG 3952 --- [    Test worker] o.h.c.internal.RegionFactoryInitiator    : Cache region factory : org.hibernate.cache.internal.NoCachingRegionFactory
2021-04-05 01:58:03.675  INFO 3952 --- [    Test worker] o.hibernate.annotations.common.Version   : HCANN000001: Hibernate Commons Annotations {5.1.2.Final}
2021-04-05 01:58:03.708 DEBUG 3952 --- [    Test worker] org.hibernate.type.BasicTypeRegistry     : Adding type registration boolean -> org.hibernate.type.BooleanType@27140e0f
2021-04-05 01:58:03.708 DEBUG 3952 --- [    Test worker] org.hibernate.type.BasicTypeRegistry     : Adding type registration boolean -> org.hibernate.type.BooleanType@27140e0f
2021-04-05 01:58:03.709 DEBUG 3952 --- [    Test worker] org.hibernate.type.BasicTypeRegistry     : Adding type registration java.lang.Boolean -> org.hibernate.type.BooleanType@27140e0f
2021-04-05 01:58:03.709 DEBUG 3952 --- [    Test worker] org.hibernate.type.BasicTypeRegistry     : Adding type registration numeric_boolean -> org.hibernate.type.NumericBooleanType@3822c7c6
2021-04-05 01:58:03.710 DEBUG 3952 --- [    Test worker] org.hibernate.type.BasicTypeRegistry     : Adding type registration true_false -> org.hibernate.type.TrueFalseType@54d22904
2021-04-05 01:58:03.710 DEBUG 3952 --- [    Test worker] org.hibernate.type.BasicTypeRegistry     : Adding type registration yes_no -> org.hibernate.type.YesNoType@3230680
2021-04-05 01:58:03.711 DEBUG 3952 --- [    Test worker] org.hibernate.type.BasicTypeRegistry     : Adding type registration byte -> org.hibernate.type.ByteType@6470c575
2021-04-05 01:58:03.711 DEBUG 3952 --- [    Test worker] org.hibernate.type.BasicTypeRegistry     : Adding type registration byte -> org.hibernate.type.ByteType@6470c575
2021-04-05 01:58:03.711 DEBUG 3952 --- [    Test worker] org.hibernate.type.BasicTypeRegistry     : Adding type registration java.lang.Byte -> org.hibernate.type.ByteType@6470c575
2021-04-05 01:58:03.713 DEBUG 3952 --- [    Test worker] org.hibernate.type.BasicTypeRegistry     : Adding type registration character -> org.hibernate.type.CharacterType@2ab22d59
2021-04-05 01:58:03.713 DEBUG 3952 --- [    Test worker] org.hibernate.type.BasicTypeRegistry     : Adding type registration char -> org.hibernate.type.CharacterType@2ab22d59
2021-04-05 01:58:03.713 DEBUG 3952 --- [    Test worker] org.hibernate.type.BasicTypeRegistry     : Adding type registration java.lang.Character -> org.hibernate.type.CharacterType@2ab22d59
2021-04-05 01:58:03.715 DEBUG 3952 --- [    Test worker] org.hibernate.type.BasicTypeRegistry     : Adding type registration short -> org.hibernate.type.ShortType@5515cd21
2021-04-05 01:58:03.715 DEBUG 3952 --- [    Test worker] org.hibernate.type.BasicTypeRegistry     : Adding type registration short -> org.hibernate.type.ShortType@5515cd21
2021-04-05 01:58:03.715 DEBUG 3952 --- [    Test worker] org.hibernate.type.BasicTypeRegistry     : Adding type registration java.lang.Short -> org.hibernate.type.ShortType@5515cd21
2021-04-05 01:58:03.716 DEBUG 3952 --- [    Test worker] org.hibernate.type.BasicTypeRegistry     : Adding type registration integer -> org.hibernate.type.IntegerType@1361d98f
2021-04-05 01:58:03.717 DEBUG 3952 --- [    Test worker] org.hibernate.type.BasicTypeRegistry     : Adding type registration int -> org.hibernate.type.IntegerType@1361d98f
2021-04-05 01:58:03.717 DEBUG 3952 --- [    Test worker] org.hibernate.type.BasicTypeRegistry     : Adding type registration java.lang.Integer -> org.hibernate.type.IntegerType@1361d98f
2021-04-05 01:58:03.718 DEBUG 3952 --- [    Test worker] org.hibernate.type.BasicTypeRegistry     : Adding type registration long -> org.hibernate.type.LongType@37ce833b
2021-04-05 01:58:03.718 DEBUG 3952 --- [    Test worker] org.hibernate.type.BasicTypeRegistry     : Adding type registration long -> org.hibernate.type.LongType@37ce833b
2021-04-05 01:58:03.718 DEBUG 3952 --- [    Test worker] org.hibernate.type.BasicTypeRegistry     : Adding type registration java.lang.Long -> org.hibernate.type.LongType@37ce833b
2021-04-05 01:58:03.719 DEBUG 3952 --- [    Test worker] org.hibernate.type.BasicTypeRegistry     : Adding type registration float -> org.hibernate.type.FloatType@4d8afb7b
2021-04-05 01:58:03.719 DEBUG 3952 --- [    Test worker] org.hibernate.type.BasicTypeRegistry     : Adding type registration float -> org.hibernate.type.FloatType@4d8afb7b
2021-04-05 01:58:03.719 DEBUG 3952 --- [    Test worker] org.hibernate.type.BasicTypeRegistry     : Adding type registration java.lang.Float -> org.hibernate.type.FloatType@4d8afb7b
2021-04-05 01:58:03.720 DEBUG 3952 --- [    Test worker] org.hibernate.type.BasicTypeRegistry     : Adding type registration double -> org.hibernate.type.DoubleType@78079fb9
2021-04-05 01:58:03.720 DEBUG 3952 --- [    Test worker] org.hibernate.type.BasicTypeRegistry     : Adding type registration double -> org.hibernate.type.DoubleType@78079fb9
2021-04-05 01:58:03.720 DEBUG 3952 --- [    Test worker] org.hibernate.type.BasicTypeRegistry     : Adding type registration java.lang.Double -> org.hibernate.type.DoubleType@78079fb9
2021-04-05 01:58:03.721 DEBUG 3952 --- [    Test worker] org.hibernate.type.BasicTypeRegistry     : Adding type registration big_decimal -> org.hibernate.type.BigDecimalType@2b1ee16
2021-04-05 01:58:03.721 DEBUG 3952 --- [    Test worker] org.hibernate.type.BasicTypeRegistry     : Adding type registration java.math.BigDecimal -> org.hibernate.type.BigDecimalType@2b1ee16
2021-04-05 01:58:03.722 DEBUG 3952 --- [    Test worker] org.hibernate.type.BasicTypeRegistry     : Adding type registration big_integer -> org.hibernate.type.BigIntegerType@3bd09154
2021-04-05 01:58:03.722 DEBUG 3952 --- [    Test worker] org.hibernate.type.BasicTypeRegistry     : Adding type registration java.math.BigInteger -> org.hibernate.type.BigIntegerType@3bd09154
2021-04-05 01:58:03.723 DEBUG 3952 --- [    Test worker] org.hibernate.type.BasicTypeRegistry     : Adding type registration string -> org.hibernate.type.StringType@52bb29a6
2021-04-05 01:58:03.723 DEBUG 3952 --- [    Test worker] org.hibernate.type.BasicTypeRegistry     : Adding type registration java.lang.String -> org.hibernate.type.StringType@52bb29a6
2021-04-05 01:58:03.724 DEBUG 3952 --- [    Test worker] org.hibernate.type.BasicTypeRegistry     : Adding type registration nstring -> org.hibernate.type.StringNVarcharType@3184e4a4
2021-04-05 01:58:03.724 DEBUG 3952 --- [    Test worker] org.hibernate.type.BasicTypeRegistry     : Adding type registration ncharacter -> org.hibernate.type.CharacterNCharType@562adf3b
2021-04-05 01:58:03.725 DEBUG 3952 --- [    Test worker] org.hibernate.type.BasicTypeRegistry     : Adding type registration url -> org.hibernate.type.UrlType@1d51006c
2021-04-05 01:58:03.725 DEBUG 3952 --- [    Test worker] org.hibernate.type.BasicTypeRegistry     : Adding type registration java.net.URL -> org.hibernate.type.UrlType@1d51006c
2021-04-05 01:58:03.726 DEBUG 3952 --- [    Test worker] org.hibernate.type.BasicTypeRegistry     : Adding type registration Duration -> org.hibernate.type.DurationType@6c9ede61
2021-04-05 01:58:03.726 DEBUG 3952 --- [    Test worker] org.hibernate.type.BasicTypeRegistry     : Adding type registration java.time.Duration -> org.hibernate.type.DurationType@6c9ede61
2021-04-05 01:58:03.727 DEBUG 3952 --- [    Test worker] org.hibernate.type.BasicTypeRegistry     : Adding type registration Instant -> org.hibernate.type.InstantType@adcf64c
2021-04-05 01:58:03.727 DEBUG 3952 --- [    Test worker] org.hibernate.type.BasicTypeRegistry     : Adding type registration java.time.Instant -> org.hibernate.type.InstantType@adcf64c
2021-04-05 01:58:03.728 DEBUG 3952 --- [    Test worker] org.hibernate.type.BasicTypeRegistry     : Adding type registration LocalDateTime -> org.hibernate.type.LocalDateTimeType@7ae3724f
2021-04-05 01:58:03.729 DEBUG 3952 --- [    Test worker] org.hibernate.type.BasicTypeRegistry     : Adding type registration java.time.LocalDateTime -> org.hibernate.type.LocalDateTimeType@7ae3724f
2021-04-05 01:58:03.730 DEBUG 3952 --- [    Test worker] org.hibernate.type.BasicTypeRegistry     : Adding type registration LocalDate -> org.hibernate.type.LocalDateType@7063803e
2021-04-05 01:58:03.730 DEBUG 3952 --- [    Test worker] org.hibernate.type.BasicTypeRegistry     : Adding type registration java.time.LocalDate -> org.hibernate.type.LocalDateType@7063803e
2021-04-05 01:58:03.731 DEBUG 3952 --- [    Test worker] org.hibernate.type.BasicTypeRegistry     : Adding type registration LocalTime -> org.hibernate.type.LocalTimeType@2c89df12
2021-04-05 01:58:03.731 DEBUG 3952 --- [    Test worker] org.hibernate.type.BasicTypeRegistry     : Adding type registration java.time.LocalTime -> org.hibernate.type.LocalTimeType@2c89df12
2021-04-05 01:58:03.732 DEBUG 3952 --- [    Test worker] org.hibernate.type.BasicTypeRegistry     : Adding type registration OffsetDateTime -> org.hibernate.type.OffsetDateTimeType@3026bbcc
2021-04-05 01:58:03.732 DEBUG 3952 --- [    Test worker] org.hibernate.type.BasicTypeRegistry     : Adding type registration java.time.OffsetDateTime -> org.hibernate.type.OffsetDateTimeType@3026bbcc
2021-04-05 01:58:03.733 DEBUG 3952 --- [    Test worker] org.hibernate.type.BasicTypeRegistry     : Adding type registration OffsetTime -> org.hibernate.type.OffsetTimeType@36185abe
2021-04-05 01:58:03.733 DEBUG 3952 --- [    Test worker] org.hibernate.type.BasicTypeRegistry     : Adding type registration java.time.OffsetTime -> org.hibernate.type.OffsetTimeType@36185abe
2021-04-05 01:58:03.734 DEBUG 3952 --- [    Test worker] org.hibernate.type.BasicTypeRegistry     : Adding type registration ZonedDateTime -> org.hibernate.type.ZonedDateTimeType@6746c714
2021-04-05 01:58:03.735 DEBUG 3952 --- [    Test worker] org.hibernate.type.BasicTypeRegistry     : Adding type registration java.time.ZonedDateTime -> org.hibernate.type.ZonedDateTimeType@6746c714
2021-04-05 01:58:03.736 DEBUG 3952 --- [    Test worker] org.hibernate.type.BasicTypeRegistry     : Adding type registration date -> org.hibernate.type.DateType@30bdbab0
2021-04-05 01:58:03.736 DEBUG 3952 --- [    Test worker] org.hibernate.type.BasicTypeRegistry     : Adding type registration java.sql.Date -> org.hibernate.type.DateType@30bdbab0
2021-04-05 01:58:03.737 DEBUG 3952 --- [    Test worker] org.hibernate.type.BasicTypeRegistry     : Adding type registration time -> org.hibernate.type.TimeType@7caacb76
2021-04-05 01:58:03.737 DEBUG 3952 --- [    Test worker] org.hibernate.type.BasicTypeRegistry     : Adding type registration java.sql.Time -> org.hibernate.type.TimeType@7caacb76
2021-04-05 01:58:03.738 DEBUG 3952 --- [    Test worker] org.hibernate.type.BasicTypeRegistry     : Adding type registration timestamp -> org.hibernate.type.TimestampType@315a04dc
2021-04-05 01:58:03.738 DEBUG 3952 --- [    Test worker] org.hibernate.type.BasicTypeRegistry     : Adding type registration java.sql.Timestamp -> org.hibernate.type.TimestampType@315a04dc
2021-04-05 01:58:03.738 DEBUG 3952 --- [    Test worker] org.hibernate.type.BasicTypeRegistry     : Adding type registration java.util.Date -> org.hibernate.type.TimestampType@315a04dc
2021-04-05 01:58:03.739 DEBUG 3952 --- [    Test worker] org.hibernate.type.BasicTypeRegistry     : Adding type registration dbtimestamp -> org.hibernate.type.DbTimestampType@1ce8cc9b
2021-04-05 01:58:03.740 DEBUG 3952 --- [    Test worker] org.hibernate.type.BasicTypeRegistry     : Adding type registration calendar -> org.hibernate.type.CalendarType@894e277
2021-04-05 01:58:03.740 DEBUG 3952 --- [    Test worker] org.hibernate.type.BasicTypeRegistry     : Adding type registration java.util.Calendar -> org.hibernate.type.CalendarType@894e277
2021-04-05 01:58:03.740 DEBUG 3952 --- [    Test worker] org.hibernate.type.BasicTypeRegistry     : Adding type registration java.util.GregorianCalendar -> org.hibernate.type.CalendarType@894e277
2021-04-05 01:58:03.741 DEBUG 3952 --- [    Test worker] org.hibernate.type.BasicTypeRegistry     : Adding type registration calendar_date -> org.hibernate.type.CalendarDateType@15f6f491
2021-04-05 01:58:03.742 DEBUG 3952 --- [    Test worker] org.hibernate.type.BasicTypeRegistry     : Adding type registration calendar_time -> org.hibernate.type.CalendarTimeType@14cd5036
2021-04-05 01:58:03.743 DEBUG 3952 --- [    Test worker] org.hibernate.type.BasicTypeRegistry     : Adding type registration locale -> org.hibernate.type.LocaleType@14d9443f
2021-04-05 01:58:03.743 DEBUG 3952 --- [    Test worker] org.hibernate.type.BasicTypeRegistry     : Adding type registration java.util.Locale -> org.hibernate.type.LocaleType@14d9443f
2021-04-05 01:58:03.744 DEBUG 3952 --- [    Test worker] org.hibernate.type.BasicTypeRegistry     : Adding type registration currency -> org.hibernate.type.CurrencyType@5f1c8571
2021-04-05 01:58:03.744 DEBUG 3952 --- [    Test worker] org.hibernate.type.BasicTypeRegistry     : Adding type registration java.util.Currency -> org.hibernate.type.CurrencyType@5f1c8571
2021-04-05 01:58:03.745 DEBUG 3952 --- [    Test worker] org.hibernate.type.BasicTypeRegistry     : Adding type registration timezone -> org.hibernate.type.TimeZoneType@4ccc0c0
2021-04-05 01:58:03.745 DEBUG 3952 --- [    Test worker] org.hibernate.type.BasicTypeRegistry     : Adding type registration java.util.TimeZone -> org.hibernate.type.TimeZoneType@4ccc0c0
2021-04-05 01:58:03.746 DEBUG 3952 --- [    Test worker] org.hibernate.type.BasicTypeRegistry     : Adding type registration class -> org.hibernate.type.ClassType@6bdabb99
2021-04-05 01:58:03.746 DEBUG 3952 --- [    Test worker] org.hibernate.type.BasicTypeRegistry     : Adding type registration java.lang.Class -> org.hibernate.type.ClassType@6bdabb99
2021-04-05 01:58:03.747 DEBUG 3952 --- [    Test worker] org.hibernate.type.BasicTypeRegistry     : Adding type registration uuid-binary -> org.hibernate.type.UUIDBinaryType@1dc5052d
2021-04-05 01:58:03.747 DEBUG 3952 --- [    Test worker] org.hibernate.type.BasicTypeRegistry     : Adding type registration java.util.UUID -> org.hibernate.type.UUIDBinaryType@1dc5052d
2021-04-05 01:58:03.747 DEBUG 3952 --- [    Test worker] org.hibernate.type.BasicTypeRegistry     : Adding type registration uuid-char -> org.hibernate.type.UUIDCharType@72d52d18
2021-04-05 01:58:03.748 DEBUG 3952 --- [    Test worker] org.hibernate.type.BasicTypeRegistry     : Adding type registration binary -> org.hibernate.type.BinaryType@67d114ac
2021-04-05 01:58:03.748 DEBUG 3952 --- [    Test worker] org.hibernate.type.BasicTypeRegistry     : Adding type registration byte[] -> org.hibernate.type.BinaryType@67d114ac
2021-04-05 01:58:03.748 DEBUG 3952 --- [    Test worker] org.hibernate.type.BasicTypeRegistry     : Adding type registration [B -> org.hibernate.type.BinaryType@67d114ac
2021-04-05 01:58:03.750 DEBUG 3952 --- [    Test worker] org.hibernate.type.BasicTypeRegistry     : Adding type registration wrapper-binary -> org.hibernate.type.WrapperBinaryType@362a1682
2021-04-05 01:58:03.750 DEBUG 3952 --- [    Test worker] org.hibernate.type.BasicTypeRegistry     : Adding type registration Byte[] -> org.hibernate.type.WrapperBinaryType@362a1682
2021-04-05 01:58:03.750 DEBUG 3952 --- [    Test worker] org.hibernate.type.BasicTypeRegistry     : Adding type registration [Ljava.lang.Byte; -> org.hibernate.type.WrapperBinaryType@362a1682
2021-04-05 01:58:03.751 DEBUG 3952 --- [    Test worker] org.hibernate.type.BasicTypeRegistry     : Adding type registration row_version -> org.hibernate.type.RowVersionType@3157728
2021-04-05 01:58:03.751 DEBUG 3952 --- [    Test worker] org.hibernate.type.BasicTypeRegistry     : Adding type registration image -> org.hibernate.type.ImageType@5830d38
2021-04-05 01:58:03.752 DEBUG 3952 --- [    Test worker] org.hibernate.type.BasicTypeRegistry     : Adding type registration characters -> org.hibernate.type.CharArrayType@e25ccf7
2021-04-05 01:58:03.752 DEBUG 3952 --- [    Test worker] org.hibernate.type.BasicTypeRegistry     : Adding type registration char[] -> org.hibernate.type.CharArrayType@e25ccf7
2021-04-05 01:58:03.752 DEBUG 3952 --- [    Test worker] org.hibernate.type.BasicTypeRegistry     : Adding type registration [C -> org.hibernate.type.CharArrayType@e25ccf7
2021-04-05 01:58:03.753 DEBUG 3952 --- [    Test worker] org.hibernate.type.BasicTypeRegistry     : Adding type registration wrapper-characters -> org.hibernate.type.CharacterArrayType@77304111
2021-04-05 01:58:03.753 DEBUG 3952 --- [    Test worker] org.hibernate.type.BasicTypeRegistry     : Adding type registration [Ljava.lang.Character; -> org.hibernate.type.CharacterArrayType@77304111
2021-04-05 01:58:03.753 DEBUG 3952 --- [    Test worker] org.hibernate.type.BasicTypeRegistry     : Adding type registration Character[] -> org.hibernate.type.CharacterArrayType@77304111
2021-04-05 01:58:03.754 DEBUG 3952 --- [    Test worker] org.hibernate.type.BasicTypeRegistry     : Adding type registration text -> org.hibernate.type.TextType@3bab7269
2021-04-05 01:58:03.754 DEBUG 3952 --- [    Test worker] org.hibernate.type.BasicTypeRegistry     : Adding type registration ntext -> org.hibernate.type.NTextType@3eb4224a
2021-04-05 01:58:03.756 DEBUG 3952 --- [    Test worker] org.hibernate.type.BasicTypeRegistry     : Adding type registration blob -> org.hibernate.type.BlobType@67b0bea8
2021-04-05 01:58:03.756 DEBUG 3952 --- [    Test worker] org.hibernate.type.BasicTypeRegistry     : Adding type registration java.sql.Blob -> org.hibernate.type.BlobType@67b0bea8
2021-04-05 01:58:03.756 DEBUG 3952 --- [    Test worker] org.hibernate.type.BasicTypeRegistry     : Adding type registration materialized_blob -> org.hibernate.type.MaterializedBlobType@70f23eb8
2021-04-05 01:58:03.758 DEBUG 3952 --- [    Test worker] org.hibernate.type.BasicTypeRegistry     : Adding type registration clob -> org.hibernate.type.ClobType@2ba9bd3
2021-04-05 01:58:03.758 DEBUG 3952 --- [    Test worker] org.hibernate.type.BasicTypeRegistry     : Adding type registration java.sql.Clob -> org.hibernate.type.ClobType@2ba9bd3
2021-04-05 01:58:03.759 DEBUG 3952 --- [    Test worker] org.hibernate.type.BasicTypeRegistry     : Adding type registration nclob -> org.hibernate.type.NClobType@34456f7c
2021-04-05 01:58:03.759 DEBUG 3952 --- [    Test worker] org.hibernate.type.BasicTypeRegistry     : Adding type registration java.sql.NClob -> org.hibernate.type.NClobType@34456f7c
2021-04-05 01:58:03.760 DEBUG 3952 --- [    Test worker] org.hibernate.type.BasicTypeRegistry     : Adding type registration materialized_clob -> org.hibernate.type.MaterializedClobType@657bd708
2021-04-05 01:58:03.760 DEBUG 3952 --- [    Test worker] org.hibernate.type.BasicTypeRegistry     : Adding type registration materialized_nclob -> org.hibernate.type.MaterializedNClobType@1369ba12
2021-04-05 01:58:03.761 DEBUG 3952 --- [    Test worker] org.hibernate.type.BasicTypeRegistry     : Adding type registration serializable -> org.hibernate.type.SerializableType@685b08e0
2021-04-05 01:58:03.764 DEBUG 3952 --- [    Test worker] org.hibernate.type.BasicTypeRegistry     : Adding type registration object -> org.hibernate.type.ObjectType@14afd221
2021-04-05 01:58:03.765 DEBUG 3952 --- [    Test worker] org.hibernate.type.BasicTypeRegistry     : Adding type registration java.lang.Object -> org.hibernate.type.ObjectType@14afd221
2021-04-05 01:58:03.765 DEBUG 3952 --- [    Test worker] org.hibernate.type.BasicTypeRegistry     : Adding type registration imm_date -> org.hibernate.type.AdaptedImmutableType@62b70a81
2021-04-05 01:58:03.765 DEBUG 3952 --- [    Test worker] org.hibernate.type.BasicTypeRegistry     : Adding type registration imm_time -> org.hibernate.type.AdaptedImmutableType@863e22c
2021-04-05 01:58:03.765 DEBUG 3952 --- [    Test worker] org.hibernate.type.BasicTypeRegistry     : Adding type registration imm_timestamp -> org.hibernate.type.AdaptedImmutableType@2cb9422b
2021-04-05 01:58:03.765 DEBUG 3952 --- [    Test worker] org.hibernate.type.BasicTypeRegistry     : Adding type registration imm_dbtimestamp -> org.hibernate.type.AdaptedImmutableType@1c385b9b
2021-04-05 01:58:03.765 DEBUG 3952 --- [    Test worker] org.hibernate.type.BasicTypeRegistry     : Adding type registration imm_calendar -> org.hibernate.type.AdaptedImmutableType@4601a99f
2021-04-05 01:58:03.766 DEBUG 3952 --- [    Test worker] org.hibernate.type.BasicTypeRegistry     : Adding type registration imm_calendar_date -> org.hibernate.type.AdaptedImmutableType@51e451f1
2021-04-05 01:58:03.766 DEBUG 3952 --- [    Test worker] org.hibernate.type.BasicTypeRegistry     : Adding type registration imm_binary -> org.hibernate.type.AdaptedImmutableType@37aaf9fc
2021-04-05 01:58:03.766 DEBUG 3952 --- [    Test worker] org.hibernate.type.BasicTypeRegistry     : Adding type registration imm_serializable -> org.hibernate.type.AdaptedImmutableType@69109811
2021-04-05 01:58:03.775 DEBUG 3952 --- [    Test worker] o.h.boot.internal.BootstrapContextImpl   : Injecting JPA temp ClassLoader [org.springframework.instrument.classloading.SimpleThrowawayClassLoader@1171ba56] into BootstrapContext; was [null]
2021-04-05 01:58:03.775 DEBUG 3952 --- [    Test worker] o.h.boot.internal.ClassLoaderAccessImpl  : ClassLoaderAccessImpl#injectTempClassLoader(org.springframework.instrument.classloading.SimpleThrowawayClassLoader@1171ba56) [was null]
2021-04-05 01:58:03.776 DEBUG 3952 --- [    Test worker] o.h.boot.internal.BootstrapContextImpl   : Injecting ScanEnvironment [org.hibernate.jpa.boot.internal.StandardJpaScanEnvironmentImpl@3152cbc0] into BootstrapContext; was [null]
2021-04-05 01:58:03.776 DEBUG 3952 --- [    Test worker] o.h.boot.internal.BootstrapContextImpl   : Injecting ScanOptions [org.hibernate.boot.archive.scan.internal.StandardScanOptions@2d6d74b6] into BootstrapContext; was [org.hibernate.boot.archive.scan.internal.StandardScanOptions@2f44f90b]
2021-04-05 01:58:03.789 DEBUG 3952 --- [    Test worker] o.h.boot.internal.BootstrapContextImpl   : Injecting JPA temp ClassLoader [null] into BootstrapContext; was [org.springframework.instrument.classloading.SimpleThrowawayClassLoader@1171ba56]
2021-04-05 01:58:03.789 DEBUG 3952 --- [    Test worker] o.h.boot.internal.ClassLoaderAccessImpl  : ClassLoaderAccessImpl#injectTempClassLoader(null) [was org.springframework.instrument.classloading.SimpleThrowawayClassLoader@1171ba56]
2021-04-05 01:58:03.798 DEBUG 3952 --- [    Test worker] .i.f.i.DefaultIdentifierGeneratorFactory : Registering IdentifierGenerator strategy [uuid2] -> [org.hibernate.id.UUIDGenerator]
2021-04-05 01:58:03.799 DEBUG 3952 --- [    Test worker] .i.f.i.DefaultIdentifierGeneratorFactory : Registering IdentifierGenerator strategy [guid] -> [org.hibernate.id.GUIDGenerator]
2021-04-05 01:58:03.799 DEBUG 3952 --- [    Test worker] .i.f.i.DefaultIdentifierGeneratorFactory : Registering IdentifierGenerator strategy [uuid] -> [org.hibernate.id.UUIDHexGenerator]
2021-04-05 01:58:03.800 DEBUG 3952 --- [    Test worker] .i.f.i.DefaultIdentifierGeneratorFactory : Registering IdentifierGenerator strategy [uuid.hex] -> [org.hibernate.id.UUIDHexGenerator]
2021-04-05 01:58:03.800 DEBUG 3952 --- [    Test worker] .i.f.i.DefaultIdentifierGeneratorFactory : Registering IdentifierGenerator strategy [assigned] -> [org.hibernate.id.Assigned]
2021-04-05 01:58:03.801 DEBUG 3952 --- [    Test worker] .i.f.i.DefaultIdentifierGeneratorFactory : Registering IdentifierGenerator strategy [identity] -> [org.hibernate.id.IdentityGenerator]
2021-04-05 01:58:03.801 DEBUG 3952 --- [    Test worker] .i.f.i.DefaultIdentifierGeneratorFactory : Registering IdentifierGenerator strategy [select] -> [org.hibernate.id.SelectGenerator]
2021-04-05 01:58:03.802 DEBUG 3952 --- [    Test worker] .i.f.i.DefaultIdentifierGeneratorFactory : Registering IdentifierGenerator strategy [sequence] -> [org.hibernate.id.enhanced.SequenceStyleGenerator]
2021-04-05 01:58:03.803 DEBUG 3952 --- [    Test worker] .i.f.i.DefaultIdentifierGeneratorFactory : Registering IdentifierGenerator strategy [seqhilo] -> [org.hibernate.id.SequenceHiLoGenerator]
2021-04-05 01:58:03.803 DEBUG 3952 --- [    Test worker] .i.f.i.DefaultIdentifierGeneratorFactory : Registering IdentifierGenerator strategy [increment] -> [org.hibernate.id.IncrementGenerator]
2021-04-05 01:58:03.804 DEBUG 3952 --- [    Test worker] .i.f.i.DefaultIdentifierGeneratorFactory : Registering IdentifierGenerator strategy [foreign] -> [org.hibernate.id.ForeignGenerator]
2021-04-05 01:58:03.804 DEBUG 3952 --- [    Test worker] .i.f.i.DefaultIdentifierGeneratorFactory : Registering IdentifierGenerator strategy [sequence-identity] -> [org.hibernate.id.SequenceIdentityGenerator]
2021-04-05 01:58:03.804 DEBUG 3952 --- [    Test worker] .i.f.i.DefaultIdentifierGeneratorFactory : Registering IdentifierGenerator strategy [enhanced-sequence] -> [org.hibernate.id.enhanced.SequenceStyleGenerator]
2021-04-05 01:58:03.805 DEBUG 3952 --- [    Test worker] .i.f.i.DefaultIdentifierGeneratorFactory : Registering IdentifierGenerator strategy [enhanced-table] -> [org.hibernate.id.enhanced.TableGenerator]
2021-04-05 01:58:03.810  INFO 3952 --- [    Test worker] com.zaxxer.hikari.HikariDataSource       : HikariPool-1 - Starting...
2021-04-05 01:58:04.007  INFO 3952 --- [    Test worker] com.zaxxer.hikari.HikariDataSource       : HikariPool-1 - Start completed.
2021-04-05 01:58:04.013 DEBUG 3952 --- [    Test worker] o.h.e.j.e.i.JdbcEnvironmentInitiator     : Database ->
       name : MySQL
    version : 5.5.5-10.5.9-MariaDB
      major : 5
      minor : 5
2021-04-05 01:58:04.013 DEBUG 3952 --- [    Test worker] o.h.e.j.e.i.JdbcEnvironmentInitiator     : Driver ->
       name : MySQL Connector/J
    version : mysql-connector-java-8.0.23 (Revision: 18bbd5e68195d0da083cbd5bd0d05d76320df7cd)
      major : 8
      minor : 0
2021-04-05 01:58:04.013 DEBUG 3952 --- [    Test worker] o.h.e.j.e.i.JdbcEnvironmentInitiator     : JDBC version : 4.2
2021-04-05 01:58:04.040  INFO 3952 --- [    Test worker] org.hibernate.dialect.Dialect            : HHH000400: Using dialect: org.hibernate.dialect.MySQL55Dialect
2021-04-05 01:58:04.057 DEBUG 3952 --- [    Test worker] o.h.e.j.env.spi.IdentifierHelperBuilder  : JDBC driver metadata reported database stores quoted identifiers in more than one case
2021-04-05 01:58:04.061 DEBUG 3952 --- [    Test worker] o.h.e.j.env.spi.IdentifierHelperBuilder  : IdentifierCaseStrategy for both quoted and unquoted identifiers was set to the same strategy [LOWER]; that will likely lead to problems in schema update and validation if using quoted identifiers
2021-04-05 01:58:04.097 DEBUG 3952 --- [    Test worker] o.h.boot.model.relational.Namespace      : Created database namespace [logicalName=Name{catalog=null, schema=null}, physicalName=Name{catalog=null, schema=null}]
2021-04-05 01:58:04.100 DEBUG 3952 --- [    Test worker] o.h.type.spi.TypeConfiguration$Scope     : Scoping TypeConfiguration [org.hibernate.type.spi.TypeConfiguration@29685d17] to MetadataBuildingContext [org.hibernate.boot.internal.MetadataBuildingContextRootImpl@72202ca9]
2021-04-05 01:58:04.154 DEBUG 3952 --- [    Test worker] org.hibernate.cfg.AnnotationBinder       : Binding entity from annotated class: com.project.love_data.model.Test
2021-04-05 01:58:04.172 DEBUG 3952 --- [    Test worker] org.hibernate.cfg.Ejb3Column             : Binding column: Ejb3DiscriminatorColumn{logicalColumnName'DTYPE', discriminatorTypeName='string'}
2021-04-05 01:58:04.177 DEBUG 3952 --- [    Test worker] o.h.cfg.annotations.EntityBinder         : Import with entity name Test
2021-04-05 01:58:04.180 DEBUG 3952 --- [    Test worker] o.h.cfg.annotations.EntityBinder         : Bind entity com.project.love_data.model.Test on table test
2021-04-05 01:58:04.201 DEBUG 3952 --- [    Test worker] org.hibernate.cfg.Ejb3Column             : Binding column: Ejb3Column{table=org.hibernate.mapping.Table(test), mappingColumn=seq, insertable=true, updatable=true, unique=false}
2021-04-05 01:58:04.203 DEBUG 3952 --- [    Test worker] o.h.boot.internal.ClassLoaderAccessImpl  : Not known whether passed class name [com.project.love_data.model.Test] is safe
2021-04-05 01:58:04.203 DEBUG 3952 --- [    Test worker] o.h.boot.internal.ClassLoaderAccessImpl  : No temp ClassLoader provided; using live ClassLoader for loading potentially unsafe class : com.project.love_data.model.Test
2021-04-05 01:58:04.204 DEBUG 3952 --- [    Test worker] o.h.cfg.annotations.PropertyBinder       : MetadataSourceProcessor property seq with lazy=false
2021-04-05 01:58:04.205 DEBUG 3952 --- [    Test worker] o.hibernate.cfg.AbstractPropertyHolder   : Attempting to locate auto-apply AttributeConverter for property [com.project.love_data.model.Test:seq]
2021-04-05 01:58:04.207 DEBUG 3952 --- [    Test worker] o.h.cfg.annotations.SimpleValueBinder    : building SimpleValue for seq
2021-04-05 01:58:04.209 DEBUG 3952 --- [    Test worker] o.h.cfg.annotations.PropertyBinder       : Building property seq
2021-04-05 01:58:04.212 DEBUG 3952 --- [    Test worker] org.hibernate.cfg.BinderHelper           : #makeIdGenerator(org.hibernate.mapping.SimpleValue([org.hibernate.mapping.Column(seq)]), seq, identity, , ...)
2021-04-05 01:58:04.212 DEBUG 3952 --- [    Test worker] org.hibernate.cfg.Ejb3Column             : Binding column: Ejb3Column{table=org.hibernate.mapping.Table(test), mappingColumn=country, insertable=true, updatable=true, unique=false}
2021-04-05 01:58:04.212 DEBUG 3952 --- [    Test worker] o.h.cfg.annotations.PropertyBinder       : MetadataSourceProcessor property country with lazy=false
2021-04-05 01:58:04.212 DEBUG 3952 --- [    Test worker] o.hibernate.cfg.AbstractPropertyHolder   : Attempting to locate auto-apply AttributeConverter for property [com.project.love_data.model.Test:country]
2021-04-05 01:58:04.212 DEBUG 3952 --- [    Test worker] o.h.cfg.annotations.SimpleValueBinder    : building SimpleValue for country
2021-04-05 01:58:04.212 DEBUG 3952 --- [    Test worker] o.h.cfg.annotations.PropertyBinder       : Building property country
2021-04-05 01:58:04.213 DEBUG 3952 --- [    Test worker] org.hibernate.cfg.Ejb3Column             : Binding column: Ejb3Column{table=org.hibernate.mapping.Table(test), mappingColumn=name, insertable=true, updatable=true, unique=false}
2021-04-05 01:58:04.213 DEBUG 3952 --- [    Test worker] o.h.cfg.annotations.PropertyBinder       : MetadataSourceProcessor property name with lazy=false
2021-04-05 01:58:04.213 DEBUG 3952 --- [    Test worker] o.hibernate.cfg.AbstractPropertyHolder   : Attempting to locate auto-apply AttributeConverter for property [com.project.love_data.model.Test:name]
2021-04-05 01:58:04.213 DEBUG 3952 --- [    Test worker] o.h.cfg.annotations.SimpleValueBinder    : building SimpleValue for name
2021-04-05 01:58:04.213 DEBUG 3952 --- [    Test worker] o.h.cfg.annotations.PropertyBinder       : Building property name
2021-04-05 01:58:04.215 DEBUG 3952 --- [    Test worker] org.hibernate.cfg.AnnotationBinder       : Binding entity from annotated class: com.project.love_data.model.User
2021-04-05 01:58:04.215 DEBUG 3952 --- [    Test worker] org.hibernate.cfg.Ejb3Column             : Binding column: Ejb3DiscriminatorColumn{logicalColumnName'DTYPE', discriminatorTypeName='string'}
2021-04-05 01:58:04.215 DEBUG 3952 --- [    Test worker] o.h.cfg.annotations.EntityBinder         : Import with entity name User
2021-04-05 01:58:04.215 DEBUG 3952 --- [    Test worker] o.h.cfg.annotations.EntityBinder         : Bind entity com.project.love_data.model.User on table user
2021-04-05 01:58:04.217 DEBUG 3952 --- [    Test worker] org.hibernate.cfg.Ejb3Column             : Binding column: Ejb3Column{table=org.hibernate.mapping.Table(user), mappingColumn=user_no, insertable=true, updatable=true, unique=false}
2021-04-05 01:58:04.217 DEBUG 3952 --- [    Test worker] o.h.boot.internal.ClassLoaderAccessImpl  : Not known whether passed class name [com.project.love_data.model.User] is safe
2021-04-05 01:58:04.217 DEBUG 3952 --- [    Test worker] o.h.boot.internal.ClassLoaderAccessImpl  : No temp ClassLoader provided; using live ClassLoader for loading potentially unsafe class : com.project.love_data.model.User
2021-04-05 01:58:04.217 DEBUG 3952 --- [    Test worker] o.h.cfg.annotations.PropertyBinder       : MetadataSourceProcessor property user_no with lazy=false
2021-04-05 01:58:04.217 DEBUG 3952 --- [    Test worker] o.hibernate.cfg.AbstractPropertyHolder   : Attempting to locate auto-apply AttributeConverter for property [com.project.love_data.model.User:user_no]
2021-04-05 01:58:04.217 DEBUG 3952 --- [    Test worker] o.h.cfg.annotations.SimpleValueBinder    : building SimpleValue for user_no
2021-04-05 01:58:04.218 DEBUG 3952 --- [    Test worker] o.h.cfg.annotations.PropertyBinder       : Building property user_no
2021-04-05 01:58:04.218 DEBUG 3952 --- [    Test worker] org.hibernate.cfg.BinderHelper           : #makeIdGenerator(org.hibernate.mapping.SimpleValue([org.hibernate.mapping.Column(user_no)]), user_no, identity, , ...)
2021-04-05 01:58:04.218 DEBUG 3952 --- [    Test worker] org.hibernate.cfg.Ejb3Column             : Binding column: Ejb3Column{table=org.hibernate.mapping.Table(user), mappingColumn=user_activation, insertable=true, updatable=true, unique=false}
2021-04-05 01:58:04.218 DEBUG 3952 --- [    Test worker] o.h.cfg.annotations.PropertyBinder       : MetadataSourceProcessor property user_Activation with lazy=false
2021-04-05 01:58:04.218 DEBUG 3952 --- [    Test worker] o.hibernate.cfg.AbstractPropertyHolder   : Attempting to locate auto-apply AttributeConverter for property [com.project.love_data.model.User:user_Activation]
2021-04-05 01:58:04.218 DEBUG 3952 --- [    Test worker] o.h.cfg.annotations.SimpleValueBinder    : building SimpleValue for user_Activation
2021-04-05 01:58:04.218 DEBUG 3952 --- [    Test worker] o.h.cfg.annotations.PropertyBinder       : Building property user_Activation
2021-04-05 01:58:04.218 DEBUG 3952 --- [    Test worker] org.hibernate.cfg.Ejb3Column             : Binding column: Ejb3Column{table=org.hibernate.mapping.Table(user), mappingColumn=user_birth, insertable=true, updatable=true, unique=false}
2021-04-05 01:58:04.218 DEBUG 3952 --- [    Test worker] o.h.cfg.annotations.PropertyBinder       : MetadataSourceProcessor property user_birth with lazy=false
2021-04-05 01:58:04.218 DEBUG 3952 --- [    Test worker] o.hibernate.cfg.AbstractPropertyHolder   : Attempting to locate auto-apply AttributeConverter for property [com.project.love_data.model.User:user_birth]
2021-04-05 01:58:04.219 DEBUG 3952 --- [    Test worker] o.h.cfg.annotations.SimpleValueBinder    : building SimpleValue for user_birth
2021-04-05 01:58:04.219 DEBUG 3952 --- [    Test worker] o.h.cfg.annotations.PropertyBinder       : Building property user_birth
2021-04-05 01:58:04.219 DEBUG 3952 --- [    Test worker] org.hibernate.cfg.Ejb3Column             : Binding column: Ejb3Column{table=org.hibernate.mapping.Table(user), mappingColumn=user_email, insertable=true, updatable=true, unique=false}
2021-04-05 01:58:04.219 DEBUG 3952 --- [    Test worker] o.h.cfg.annotations.PropertyBinder       : MetadataSourceProcessor property user_email with lazy=false
2021-04-05 01:58:04.219 DEBUG 3952 --- [    Test worker] o.hibernate.cfg.AbstractPropertyHolder   : Attempting to locate auto-apply AttributeConverter for property [com.project.love_data.model.User:user_email]
2021-04-05 01:58:04.219 DEBUG 3952 --- [    Test worker] o.h.cfg.annotations.SimpleValueBinder    : building SimpleValue for user_email
2021-04-05 01:58:04.219 DEBUG 3952 --- [    Test worker] o.h.cfg.annotations.PropertyBinder       : Building property user_email
2021-04-05 01:58:04.219 DEBUG 3952 --- [    Test worker] org.hibernate.cfg.Ejb3Column             : Binding column: Ejb3Column{table=org.hibernate.mapping.Table(user), mappingColumn=user_emil_re, insertable=true, updatable=true, unique=false}
2021-04-05 01:58:04.219 DEBUG 3952 --- [    Test worker] o.h.cfg.annotations.PropertyBinder       : MetadataSourceProcessor property user_emil_re with lazy=false
2021-04-05 01:58:04.219 DEBUG 3952 --- [    Test worker] o.hibernate.cfg.AbstractPropertyHolder   : Attempting to locate auto-apply AttributeConverter for property [com.project.love_data.model.User:user_emil_re]
2021-04-05 01:58:04.219 DEBUG 3952 --- [    Test worker] o.h.cfg.annotations.SimpleValueBinder    : building SimpleValue for user_emil_re
2021-04-05 01:58:04.219 DEBUG 3952 --- [    Test worker] o.h.cfg.annotations.PropertyBinder       : Building property user_emil_re
2021-04-05 01:58:04.220 DEBUG 3952 --- [    Test worker] org.hibernate.cfg.Ejb3Column             : Binding column: Ejb3Column{table=org.hibernate.mapping.Table(user), mappingColumn=user_gen, insertable=true, updatable=true, unique=false}
2021-04-05 01:58:04.220 DEBUG 3952 --- [    Test worker] o.h.cfg.annotations.PropertyBinder       : MetadataSourceProcessor property user_gen with lazy=false
2021-04-05 01:58:04.220 DEBUG 3952 --- [    Test worker] o.hibernate.cfg.AbstractPropertyHolder   : Attempting to locate auto-apply AttributeConverter for property [com.project.love_data.model.User:user_gen]
2021-04-05 01:58:04.220 DEBUG 3952 --- [    Test worker] o.h.cfg.annotations.SimpleValueBinder    : building SimpleValue for user_gen
2021-04-05 01:58:04.220 DEBUG 3952 --- [    Test worker] o.h.cfg.annotations.PropertyBinder       : Building property user_gen
2021-04-05 01:58:04.220 DEBUG 3952 --- [    Test worker] org.hibernate.cfg.Ejb3Column             : Binding column: Ejb3Column{table=org.hibernate.mapping.Table(user), mappingColumn=user_name, insertable=true, updatable=true, unique=false}
2021-04-05 01:58:04.220 DEBUG 3952 --- [    Test worker] o.h.cfg.annotations.PropertyBinder       : MetadataSourceProcessor property user_name with lazy=false
2021-04-05 01:58:04.220 DEBUG 3952 --- [    Test worker] o.hibernate.cfg.AbstractPropertyHolder   : Attempting to locate auto-apply AttributeConverter for property [com.project.love_data.model.User:user_name]
2021-04-05 01:58:04.220 DEBUG 3952 --- [    Test worker] o.h.cfg.annotations.SimpleValueBinder    : building SimpleValue for user_name
2021-04-05 01:58:04.220 DEBUG 3952 --- [    Test worker] o.h.cfg.annotations.PropertyBinder       : Building property user_name
2021-04-05 01:58:04.221 DEBUG 3952 --- [    Test worker] org.hibernate.cfg.Ejb3Column             : Binding column: Ejb3Column{table=org.hibernate.mapping.Table(user), mappingColumn=user_nic, insertable=true, updatable=true, unique=false}
2021-04-05 01:58:04.221 DEBUG 3952 --- [    Test worker] o.h.cfg.annotations.PropertyBinder       : MetadataSourceProcessor property user_nic with lazy=false
2021-04-05 01:58:04.221 DEBUG 3952 --- [    Test worker] o.hibernate.cfg.AbstractPropertyHolder   : Attempting to locate auto-apply AttributeConverter for property [com.project.love_data.model.User:user_nic]
2021-04-05 01:58:04.221 DEBUG 3952 --- [    Test worker] o.h.cfg.annotations.SimpleValueBinder    : building SimpleValue for user_nic
2021-04-05 01:58:04.221 DEBUG 3952 --- [    Test worker] o.h.cfg.annotations.PropertyBinder       : Building property user_nic
2021-04-05 01:58:04.221 DEBUG 3952 --- [    Test worker] org.hibernate.cfg.Ejb3Column             : Binding column: Ejb3Column{table=org.hibernate.mapping.Table(user), mappingColumn=user_phone, insertable=true, updatable=true, unique=false}
2021-04-05 01:58:04.221 DEBUG 3952 --- [    Test worker] o.h.cfg.annotations.PropertyBinder       : MetadataSourceProcessor property user_phone with lazy=false
2021-04-05 01:58:04.221 DEBUG 3952 --- [    Test worker] o.hibernate.cfg.AbstractPropertyHolder   : Attempting to locate auto-apply AttributeConverter for property [com.project.love_data.model.User:user_phone]
2021-04-05 01:58:04.221 DEBUG 3952 --- [    Test worker] o.h.cfg.annotations.SimpleValueBinder    : building SimpleValue for user_phone
2021-04-05 01:58:04.221 DEBUG 3952 --- [    Test worker] o.h.cfg.annotations.PropertyBinder       : Building property user_phone
2021-04-05 01:58:04.222 DEBUG 3952 --- [    Test worker] org.hibernate.cfg.Ejb3Column             : Binding column: Ejb3Column{table=org.hibernate.mapping.Table(user), mappingColumn=user_pw, insertable=true, updatable=true, unique=false}
2021-04-05 01:58:04.222 DEBUG 3952 --- [    Test worker] o.h.cfg.annotations.PropertyBinder       : MetadataSourceProcessor property user_pw with lazy=false
2021-04-05 01:58:04.222 DEBUG 3952 --- [    Test worker] o.hibernate.cfg.AbstractPropertyHolder   : Attempting to locate auto-apply AttributeConverter for property [com.project.love_data.model.User:user_pw]
2021-04-05 01:58:04.222 DEBUG 3952 --- [    Test worker] o.h.cfg.annotations.SimpleValueBinder    : building SimpleValue for user_pw
2021-04-05 01:58:04.222 DEBUG 3952 --- [    Test worker] o.h.cfg.annotations.PropertyBinder       : Building property user_pw
2021-04-05 01:58:04.222 DEBUG 3952 --- [    Test worker] org.hibernate.cfg.Ejb3Column             : Binding column: Ejb3Column{table=org.hibernate.mapping.Table(user), mappingColumn=user_social, insertable=true, updatable=true, unique=false}
2021-04-05 01:58:04.222 DEBUG 3952 --- [    Test worker] o.h.cfg.annotations.PropertyBinder       : MetadataSourceProcessor property user_social with lazy=false
2021-04-05 01:58:04.222 DEBUG 3952 --- [    Test worker] o.hibernate.cfg.AbstractPropertyHolder   : Attempting to locate auto-apply AttributeConverter for property [com.project.love_data.model.User:user_social]
2021-04-05 01:58:04.223 DEBUG 3952 --- [    Test worker] o.h.cfg.annotations.SimpleValueBinder    : building SimpleValue for user_social
2021-04-05 01:58:04.223 DEBUG 3952 --- [    Test worker] o.h.cfg.annotations.PropertyBinder       : Building property user_social
2021-04-05 01:58:04.223 DEBUG 3952 --- [    Test worker] org.hibernate.cfg.Ejb3Column             : Binding column: Ejb3Column{table=org.hibernate.mapping.Table(user), mappingColumn=user_time, insertable=true, updatable=true, unique=false}
2021-04-05 01:58:04.223 DEBUG 3952 --- [    Test worker] o.h.cfg.annotations.PropertyBinder       : MetadataSourceProcessor property user_time with lazy=false
2021-04-05 01:58:04.223 DEBUG 3952 --- [    Test worker] o.hibernate.cfg.AbstractPropertyHolder   : Attempting to locate auto-apply AttributeConverter for property [com.project.love_data.model.User:user_time]
2021-04-05 01:58:04.223 DEBUG 3952 --- [    Test worker] o.h.cfg.annotations.SimpleValueBinder    : building SimpleValue for user_time
2021-04-05 01:58:04.223 DEBUG 3952 --- [    Test worker] o.h.cfg.annotations.PropertyBinder       : Building property user_time
2021-04-05 01:58:04.224 DEBUG 3952 --- [    Test worker] o.h.cfg.annotations.SimpleValueBinder    : Starting fillSimpleValue for seq
2021-04-05 01:58:04.225 DEBUG 3952 --- [    Test worker] o.h.cfg.annotations.SimpleValueBinder    : Starting fillSimpleValue for country
2021-04-05 01:58:04.225 DEBUG 3952 --- [    Test worker] o.h.cfg.annotations.SimpleValueBinder    : Starting fillSimpleValue for name
2021-04-05 01:58:04.225 DEBUG 3952 --- [    Test worker] o.h.cfg.annotations.SimpleValueBinder    : Starting fillSimpleValue for user_no
2021-04-05 01:58:04.225 DEBUG 3952 --- [    Test worker] o.h.cfg.annotations.SimpleValueBinder    : Starting fillSimpleValue for user_Activation
2021-04-05 01:58:04.225 DEBUG 3952 --- [    Test worker] o.h.cfg.annotations.SimpleValueBinder    : Starting fillSimpleValue for user_birth
2021-04-05 01:58:04.225 DEBUG 3952 --- [    Test worker] o.h.cfg.annotations.SimpleValueBinder    : Starting fillSimpleValue for user_email
2021-04-05 01:58:04.225 DEBUG 3952 --- [    Test worker] o.h.cfg.annotations.SimpleValueBinder    : Starting fillSimpleValue for user_emil_re
2021-04-05 01:58:04.225 DEBUG 3952 --- [    Test worker] o.h.cfg.annotations.SimpleValueBinder    : Starting fillSimpleValue for user_gen
2021-04-05 01:58:04.225 DEBUG 3952 --- [    Test worker] o.h.cfg.annotations.SimpleValueBinder    : Starting fillSimpleValue for user_name
2021-04-05 01:58:04.225 DEBUG 3952 --- [    Test worker] o.h.cfg.annotations.SimpleValueBinder    : Starting fillSimpleValue for user_nic
2021-04-05 01:58:04.225 DEBUG 3952 --- [    Test worker] o.h.cfg.annotations.SimpleValueBinder    : Starting fillSimpleValue for user_phone
2021-04-05 01:58:04.226 DEBUG 3952 --- [    Test worker] o.h.cfg.annotations.SimpleValueBinder    : Starting fillSimpleValue for user_pw
2021-04-05 01:58:04.226 DEBUG 3952 --- [    Test worker] o.h.cfg.annotations.SimpleValueBinder    : Starting fillSimpleValue for user_social
2021-04-05 01:58:04.226 DEBUG 3952 --- [    Test worker] o.h.cfg.annotations.SimpleValueBinder    : Starting fillSimpleValue for user_time
2021-04-05 01:58:04.228 DEBUG 3952 --- [    Test worker] org.hibernate.mapping.PrimaryKey         : Forcing column [seq] to be non-null as it is part of the primary key for table [test]
2021-04-05 01:58:04.228 DEBUG 3952 --- [    Test worker] org.hibernate.mapping.PrimaryKey         : Forcing column [user_no] to be non-null as it is part of the primary key for table [user]
2021-04-05 01:58:04.257 DEBUG 3952 --- [    Test worker] o.hibernate.internal.SessionFactoryImpl  : Building session factory
2021-04-05 01:58:04.258 DEBUG 3952 --- [    Test worker] org.hibernate.cfg.Settings               : SessionFactory name : null
2021-04-05 01:58:04.259 DEBUG 3952 --- [    Test worker] org.hibernate.cfg.Settings               : Automatic flush during beforeCompletion(): enabled
2021-04-05 01:58:04.259 DEBUG 3952 --- [    Test worker] org.hibernate.cfg.Settings               : Automatic session close at end of transaction: disabled
2021-04-05 01:58:04.259 DEBUG 3952 --- [    Test worker] org.hibernate.cfg.Settings               : Statistics: disabled
2021-04-05 01:58:04.259 DEBUG 3952 --- [    Test worker] org.hibernate.cfg.Settings               : Deleted entity synthetic identifier rollback: disabled
2021-04-05 01:58:04.259 DEBUG 3952 --- [    Test worker] org.hibernate.cfg.Settings               : Default entity-mode: pojo
2021-04-05 01:58:04.259 DEBUG 3952 --- [    Test worker] org.hibernate.cfg.Settings               : Check Nullability in Core (should be disabled when Bean Validation is on): enabled
2021-04-05 01:58:04.259 DEBUG 3952 --- [    Test worker] org.hibernate.cfg.Settings               : Allow initialization of lazy state outside session : disabled
2021-04-05 01:58:04.259 DEBUG 3952 --- [    Test worker] org.hibernate.cfg.Settings               : Using BatchFetchStyle : LEGACY
2021-04-05 01:58:04.259 DEBUG 3952 --- [    Test worker] org.hibernate.cfg.Settings               : Default batch fetch size: -1
2021-04-05 01:58:04.259 DEBUG 3952 --- [    Test worker] org.hibernate.cfg.Settings               : Maximum outer join fetch depth: 2
2021-04-05 01:58:04.259 DEBUG 3952 --- [    Test worker] org.hibernate.cfg.Settings               : Default null ordering: NONE
2021-04-05 01:58:04.259 DEBUG 3952 --- [    Test worker] org.hibernate.cfg.Settings               : Order SQL updates by primary key: disabled
2021-04-05 01:58:04.259 DEBUG 3952 --- [    Test worker] org.hibernate.cfg.Settings               : Order SQL inserts for batching: disabled
2021-04-05 01:58:04.259 DEBUG 3952 --- [    Test worker] org.hibernate.cfg.Settings               : multi-tenancy strategy : NONE
2021-04-05 01:58:04.259 DEBUG 3952 --- [    Test worker] org.hibernate.cfg.Settings               : JTA Track by Thread: enabled
2021-04-05 01:58:04.259 DEBUG 3952 --- [    Test worker] org.hibernate.cfg.Settings               : Query language substitutions: {}
2021-04-05 01:58:04.259 DEBUG 3952 --- [    Test worker] org.hibernate.cfg.Settings               : Named query checking : enabled
2021-04-05 01:58:04.259 DEBUG 3952 --- [    Test worker] org.hibernate.cfg.Settings               : Second-level cache: disabled
2021-04-05 01:58:04.260 DEBUG 3952 --- [    Test worker] org.hibernate.cfg.Settings               : Second-level query cache: disabled
2021-04-05 01:58:04.260 DEBUG 3952 --- [    Test worker] org.hibernate.cfg.Settings               : Second-level query cache factory: null
2021-04-05 01:58:04.260 DEBUG 3952 --- [    Test worker] org.hibernate.cfg.Settings               : Second-level cache region prefix: null
2021-04-05 01:58:04.260 DEBUG 3952 --- [    Test worker] org.hibernate.cfg.Settings               : Optimize second-level cache for minimal puts: disabled
2021-04-05 01:58:04.260 DEBUG 3952 --- [    Test worker] org.hibernate.cfg.Settings               : Structured second-level cache entries: disabled
2021-04-05 01:58:04.260 DEBUG 3952 --- [    Test worker] org.hibernate.cfg.Settings               : Second-level cache direct-reference entries: disabled
2021-04-05 01:58:04.260 DEBUG 3952 --- [    Test worker] org.hibernate.cfg.Settings               : Automatic eviction of collection cache: disabled
2021-04-05 01:58:04.260 DEBUG 3952 --- [    Test worker] org.hibernate.cfg.Settings               : JDBC batch size: 15
2021-04-05 01:58:04.260 DEBUG 3952 --- [    Test worker] org.hibernate.cfg.Settings               : JDBC batch updates for versioned data: enabled
2021-04-05 01:58:04.260 DEBUG 3952 --- [    Test worker] org.hibernate.cfg.Settings               : Scrollable result sets: enabled
2021-04-05 01:58:04.260 DEBUG 3952 --- [    Test worker] org.hibernate.cfg.Settings               : Wrap result sets: disabled
2021-04-05 01:58:04.260 DEBUG 3952 --- [    Test worker] org.hibernate.cfg.Settings               : JDBC3 getGeneratedKeys(): enabled
2021-04-05 01:58:04.260 DEBUG 3952 --- [    Test worker] org.hibernate.cfg.Settings               : JDBC result set fetch size: null
2021-04-05 01:58:04.260 DEBUG 3952 --- [    Test worker] org.hibernate.cfg.Settings               : Connection release mode: ON_CLOSE
2021-04-05 01:58:04.260 DEBUG 3952 --- [    Test worker] org.hibernate.cfg.Settings               : Generate SQL with comments: disabled
2021-04-05 01:58:04.260 DEBUG 3952 --- [    Test worker] org.hibernate.cfg.Settings               : JPA compliance - query : disabled
2021-04-05 01:58:04.260 DEBUG 3952 --- [    Test worker] org.hibernate.cfg.Settings               : JPA compliance - closed-handling : disabled
2021-04-05 01:58:04.260 DEBUG 3952 --- [    Test worker] org.hibernate.cfg.Settings               : JPA compliance - lists : disabled
2021-04-05 01:58:04.261 DEBUG 3952 --- [    Test worker] org.hibernate.cfg.Settings               : JPA compliance - transactions : disabled
2021-04-05 01:58:04.321 DEBUG 3952 --- [    Test worker] o.hibernate.internal.SessionFactoryImpl  : Session factory constructed with filter configurations : {}
2021-04-05 01:58:04.322 DEBUG 3952 --- [    Test worker] o.hibernate.internal.SessionFactoryImpl  : Instantiating session factory with properties: {sun.desktop=windows, awt.toolkit=sun.awt.windows.WToolkit, hibernate.id.new_generator_mappings=true, java.specification.version=1.8, file.encoding.pkg=sun.io, sun.cpu.isalist=amd64, hibernate.resource.beans.container=org.springframework.orm.hibernate5.SpringBeanContainer@8eb9bd7, hibernate.connection.handling_mode=DELAYED_ACQUISITION_AND_HOLD, sun.jnu.encoding=MS949, org.gradle.test.worker=14, hibernate.implicit_naming_strategy=org.springframework.boot.orm.jpa.hibernate.SpringImplicitNamingStrategy, java.class.path=D:\Study\GitHub\Projects\Team Project\love_data\build\classes\java\test;D:\Study\GitHub\Projects\Team Project\love_data\build\resources\test;D:\Study\GitHub\Projects\Team Project\love_data\build\classes\java\main;D:\Study\GitHub\Projects\Team Project\love_data\build\resources\main;C:\Users\mon0m\.gradle\caches\modules-2\files-2.1\org.mybatis.spring.boot\mybatis-spring-boot-starter\2.1.4\1ad97a0fb96ec3630e598e5aaae2dbd2fd29fdb0\mybatis-spring-boot-starter-2.1.4.jar;C:\Users\mon0m\.gradle\caches\modules-2\files-2.1\org.springframework.boot\spring-boot-starter-data-jpa\2.4.4\467d100d81d955308bf5a32067f6e620dbeda815\spring-boot-starter-data-jpa-2.4.4.jar;C:\Users\mon0m\.gradle\caches\modules-2\files-2.1\org.springframework.boot\spring-boot-starter-jdbc\2.4.4\7e807b3be69cfd5bc375282aaf19eb79ed59908a\spring-boot-starter-jdbc-2.4.4.jar;C:\Users\mon0m\.gradle\caches\modules-2\files-2.1\org.springframework.data\spring-data-jpa\2.4.6\bb87b851041e68e5130d9def1e7fd11b63f794b\spring-data-jpa-2.4.6.jar;C:\Users\mon0m\.gradle\caches\modules-2\files-2.1\org.springframework.boot\spring-boot-starter-mail\2.4.4\acc0cd0371f18e1b81a1f67bdd6a368148d6df9a\spring-boot-starter-mail-2.4.4.jar;C:\Users\mon0m\.gradle\caches\modules-2\files-2.1\org.springframework.boot\spring-boot-starter-security\2.4.4\1a4c1249ccdc878cd58ae1ae30ee5958ba99722c\spring-boot-starter-security-2.4.4.jar;C:\Users\mon0m\.gradle\caches\modules-2\files-2.1\org.springframework.boot\spring-boot-starter-web-services\2.4.4\66f31b70ee05a2267eb60626be804d7103663adc\spring-boot-starter-web-services-2.4.4.jar;C:\Users\mon0m\.gradle\caches\modules-2\files-2.1\org.springframework.boot\spring-boot-starter-websocket\2.4.4\6995580d157f77ff9ac30751beb0f7814b43478e\spring-boot-starter-websocket-2.4.4.jar;C:\Users\mon0m\.gradle\caches\modules-2\files-2.1\org.springframework.boot\spring-boot-starter-web\2.4.4\8b84b6800a0b72d644d77aea3df0bf02008096a7\spring-boot-starter-web-2.4.4.jar;C:\Users\mon0m\.gradle\caches\modules-2\files-2.1\junit\junit\4.12\2973d150c0dc1fefe998f834810d68f278ea58ec\junit-4.12.jar;C:\Users\mon0m\.gradle\caches\modules-2\files-2.1\org.springframework.boot\spring-boot-starter-test\2.4.4\bf35adef93978c3e8458e4e12a3c220641e8b461\spring-boot-starter-test-2.4.4.jar;C:\Users\mon0m\.gradle\caches\modules-2\files-2.1\org.apache.tomcat.embed\tomcat-embed-jasper\9.0.44\9f55f8d37e4117cf2cf6db9fc728626acf32fc90\tomcat-embed-jasper-9.0.44.jar;C:\Users\mon0m\.gradle\caches\modules-2\files-2.1\javax.servlet\jstl\1.2\74aca283cd4f4b4f3e425f5820cda58f44409547\jstl-1.2.jar;C:\Users\mon0m\.gradle\caches\modules-2\files-2.1\org.apache.commons\commons-lang3\3.12.0\c6842c86792ff03b9f1d1fe2aab8dc23aa6c6f0e\commons-lang3-3.12.0.jar;C:\Users\mon0m\.gradle\caches\modules-2\files-2.1\org.springframework.boot\spring-boot-starter-tomcat\2.4.4\80f3a79a16d80639741f35034364fc30c6e9016a\spring-boot-starter-tomcat-2.4.4.jar;C:\Users\mon0m\.gradle\caches\modules-2\files-2.1\mysql\mysql-connector-java\8.0.23\14d64ac509adccaff444513c12646d93e4ed8be8\mysql-connector-java-8.0.23.jar;C:\Users\mon0m\.gradle\caches\modules-2\files-2.1\org.mariadb.jdbc\mariadb-java-client\2.7.2\138fb9b8caee700bf4793bc42947113a1dbc8532\mariadb-java-client-2.7.2.jar;C:\Users\mon0m\.gradle\caches\modules-2\files-2.1\org.springframework.restdocs\spring-restdocs-mockmvc\2.0.5.RELEASE\56c07615494c5ed6fb021eab629bcc81a4fea3f9\spring-restdocs-mockmvc-2.0.5.RELEASE.jar;C:\Users\mon0m\.gradle\caches\modules-2\files-2.1\org.springframework.security\spring-security-test\5.4.5\af4016e3f149b22e0f6f661b8675e3885f6dbee2\spring-security-test-5.4.5.jar;C:\Users\mon0m\.gradle\caches\modules-2\files-2.1\org.springframework.boot\spring-boot-starter-json\2.4.4\3f9622c37d6ece1cbf5889aee688adbcc78ddeea\spring-boot-starter-json-2.4.4.jar;C:\Users\mon0m\.gradle\caches\modules-2\files-2.1\org.springframework.boot\spring-boot-starter-aop\2.4.4\27943de19956db32ef653315894f37182bc4b437\spring-boot-starter-aop-2.4.4.jar;C:\Users\mon0m\.gradle\caches\modules-2\files-2.1\org.springframework.boot\spring-boot-starter\2.4.4\5807f7ab098711f28d7d92c5986c6c5cfd82e996\spring-boot-starter-2.4.4.jar;C:\Users\mon0m\.gradle\caches\modules-2\files-2.1\com.zaxxer\HikariCP\3.4.5\aa1a2c00aae8e4ba8308e19940711bb9525b103d\HikariCP-3.4.5.jar;C:\Users\mon0m\.gradle\caches\modules-2\files-2.1\org.springframework\spring-orm\5.3.5\e6be98a3c7c9d3a47946389de5a6435e1bd08059\spring-orm-5.3.5.jar;C:\Users\mon0m\.gradle\caches\modules-2\files-2.1\org.springframework\spring-jdbc\5.3.5\b0d32613c24db78bad38ca06fbed164b7d9e87a9\spring-jdbc-5.3.5.jar;C:\Users\mon0m\.gradle\caches\modules-2\files-2.1\org.springframework.data\spring-data-commons\2.4.6\fc8c7d126b9c390417aadbb71c46a0d06af37a3\spring-data-commons-2.4.6.jar;C:\Users\mon0m\.gradle\caches\modules-2\files-2.1\org.springframework\spring-context-support\5.3.5\3173a947d4fe27a5bf6e55f9eb4912eadac3fad9\spring-context-support-5.3.5.jar;C:\Users\mon0m\.gradle\caches\modules-2\files-2.1\org.springframework.security\spring-security-config\5.4.5\3835ea09e7bb914249fe03041d3a70d0a23de6cb\spring-security-config-5.4.5.jar;C:\Users\mon0m\.gradle\caches\modules-2\files-2.1\org.springframework.security\spring-security-web\5.4.5\450d209579c49b4e5373394b23444fa034a8bd3\spring-security-web-5.4.5.jar;C:\Users\mon0m\.gradle\caches\modules-2\files-2.1\org.springframework.ws\spring-ws-core\3.0.10.RELEASE\59a17a6985960e2c57bad6b474697acd3cc4bcf4\spring-ws-core-3.0.10.RELEASE.jar;C:\Users\mon0m\.gradle\caches\modules-2\files-2.1\org.springframework\spring-webmvc\5.3.5\449649af0eda09def9b5748bc8438253bf02f9f3\spring-webmvc-5.3.5.jar;C:\Users\mon0m\.gradle\caches\modules-2\files-2.1\org.springframework\spring-websocket\5.3.5\2e40c3524dbe9875fa37255d1f884311a441047d\spring-websocket-5.3.5.jar;C:\Users\mon0m\.gradle\caches\modules-2\files-2.1\org.springframework.security\spring-security-core\5.4.5\90f805783a261f5cdfaf924e4a5ab418ae026671\spring-security-core-5.4.5.jar;C:\Users\mon0m\.gradle\caches\modules-2\files-2.1\org.springframework.boot\spring-boot-test-autoconfigure\2.4.4\2499705b47ff071d6157461662300710e9ffb306\spring-boot-test-autoconfigure-2.4.4.jar;C:\Users\mon0m\.gradle\caches\modules-2\files-2.1\org.springframework.boot\spring-boot-test\2.4.4\d7383048ee38e7bc551fb9e86cd31123c7aae603\spring-boot-test-2.4.4.jar;C:\Users\mon0m\.gradle\caches\modules-2\files-2.1\org.mybatis.spring.boot\mybatis-spring-boot-autoconfigure\2.1.4\190f1630d0f7dee0dfecbacf7216b2b60391c046\mybatis-spring-boot-autoconfigure-2.1.4.jar;C:\Users\mon0m\.gradle\caches\modules-2\files-2.1\org.springframework.boot\spring-boot-autoconfigure\2.4.4\6237b28c1bad51b175e5b91222292924322fda54\spring-boot-autoconfigure-2.4.4.jar;C:\Users\mon0m\.gradle\caches\modules-2\files-2.1\org.springframework.boot\spring-boot\2.4.4\38392ae406009e55efe873baee4633bfa6b766b3\spring-boot-2.4.4.jar;C:\Users\mon0m\.gradle\caches\modules-2\files-2.1\org.springframework.ws\spring-xml\3.0.10.RELEASE\d5b2a988824df49c1bde98532d20a64822420630\spring-xml-3.0.10.RELEASE.jar;C:\Users\mon0m\.gradle\caches\modules-2\files-2.1\org.springframework\spring-context\5.3.5\15166e945c1221016a534f1aa83bbddf992dba0a\spring-context-5.3.5.jar;C:\Users\mon0m\.gradle\caches\modules-2\files-2.1\org.springframework\spring-aop\5.3.5\a52b30c37937ddb01585430bcc8442b2ac2a8b58\spring-aop-5.3.5.jar;C:\Users\mon0m\.gradle\caches\modules-2\files-2.1\org.springframework\spring-tx\5.3.5\8618245f77052da05ff2c4c7754563a811af2d18\spring-tx-5.3.5.jar;C:\Users\mon0m\.gradle\caches\modules-2\files-2.1\org.springframework.restdocs\spring-restdocs-core\2.0.5.RELEASE\13e8e535fc70667a313b619de5a969e4664ebc6\spring-restdocs-core-2.0.5.RELEASE.jar;C:\Users\mon0m\.gradle\caches\modules-2\files-2.1\org.springframework\spring-web\5.3.5\8233c67b3f33f619f6f8f34cc0f56e01a00e136e\spring-web-5.3.5.jar;C:\Users\mon0m\.gradle\caches\modules-2\files-2.1\org.springframework\spring-oxm\5.3.5\557266d0cd0184ccc3e0cde316e0fc0ecb69d81a\spring-oxm-5.3.5.jar;C:\Users\mon0m\.gradle\caches\modules-2\files-2.1\org.springframework\spring-messaging\5.3.5\6e4e1f39a555b105d3fc5e7bef0a4a9704a27b9a\spring-messaging-5.3.5.jar;C:\Users\mon0m\.gradle\caches\modules-2\files-2.1\org.springframework\spring-beans\5.3.5\7604a458b0d8a47cdb113cf874c21c9750b53188\spring-beans-5.3.5.jar;C:\Users\mon0m\.gradle\caches\modules-2\files-2.1\org.springframework\spring-test\5.3.5\404b15dbbc53cbf44cec01be3246b3c261ccde08\spring-test-5.3.5.jar;C:\Users\mon0m\.gradle\caches\modules-2\files-2.1\org.springframework\spring-expression\5.3.5\7149f94a2b134ffcd23cfd74f04ee1f1f2215347\spring-expression-5.3.5.jar;C:\Users\mon0m\.gradle\caches\modules-2\files-2.1\org.springframework\spring-core\5.3.5\633de7c79bfeccf05c81a0d4a32b3336010f06ab\spring-core-5.3.5.jar;C:\Users\mon0m\.gradle\caches\modules-2\files-2.1\org.aspectj\aspectjrt\1.9.6\1651849d48659e5703adc2599e694bf67b8c3fc4\aspectjrt-1.9.6.jar;C:\Users\mon0m\.gradle\caches\modules-2\files-2.1\com.jayway.jsonpath\json-path\2.4.0\765a4401ceb2dc8d40553c2075eb80a8fa35c2ae\json-path-2.4.0.jar;C:\Users\mon0m\.gradle\caches\modules-2\files-2.1\org.springframework.boot\spring-boot-starter-logging\2.4.4\4432cf056309ece02eb23417bc70f96b59ac8c24\spring-boot-starter-logging-2.4.4.jar;C:\Users\mon0m\.gradle\caches\modules-2\files-2.1\ch.qos.logback\logback-classic\1.2.3\7c4f3c474fb2c041d8028740440937705ebb473a\logback-classic-1.2.3.jar;C:\Users\mon0m\.gradle\caches\modules-2\files-2.1\org.apache.logging.log4j\log4j-to-slf4j\2.13.3\966f6fd1af4959d6b12bfa880121d4a2b164f857\log4j-to-slf4j-2.13.3.jar;C:\Users\mon0m\.gradle\caches\modules-2\files-2.1\org.slf4j\jul-to-slf4j\1.7.30\d58bebff8cbf70ff52b59208586095f467656c30\jul-to-slf4j-1.7.30.jar;C:\Users\mon0m\.gradle\caches\modules-2\files-2.1\org.slf4j\slf4j-api\1.7.30\b5a4b6d16ab13e34a88fae84c35cd5d68cac922c\slf4j-api-1.7.30.jar;C:\Users\mon0m\.gradle\caches\modules-2\files-2.1\com.sun.mail\jakarta.mail\1.6.6\31ccb8d59546aa10a38c885fd47ef8b026ab85bf\jakarta.mail-1.6.6.jar;C:\Users\mon0m\.gradle\caches\modules-2\files-2.1\com.sun.xml.messaging.saaj\saaj-impl\1.5.2\21d07203e7d212681034c188ca3c6108212d526b\saaj-impl-1.5.2.jar;C:\Users\mon0m\.gradle\caches\modules-2\files-2.1\jakarta.xml.ws\jakarta.xml.ws-api\2.3.3\529fe0136be92861e5a255fbc99146f1943c4332\jakarta.xml.ws-api-2.3.3.jar;C:\Users\mon0m\.gradle\caches\modules-2\files-2.1\org.mybatis\mybatis\3.5.6\28ea8fe7d6c3998cf1d0cb8af64b9d58f04c7cb3\mybatis-3.5.6.jar;C:\Users\mon0m\.gradle\caches\modules-2\files-2.1\org.mybatis\mybatis-spring\2.0.6\eae03712acdf041a3590b816460945d4bd2691bc\mybatis-spring-2.0.6.jar;C:\Users\mon0m\.gradle\caches\modules-2\files-2.1\org.hamcrest\hamcrest-core\2.2\3f2bd07716a31c395e2837254f37f21f0f0ab24b\hamcrest-core-2.2.jar;C:\Users\mon0m\.gradle\caches\modules-2\files-2.1\jakarta.transaction\jakarta.transaction-api\1.3.3\c4179d48720a1e87202115fbed6089bdc4195405\jakarta.transaction-api-1.3.3.jar;C:\Users\mon0m\.gradle\caches\modules-2\files-2.1\jakarta.persistence\jakarta.persistence-api\2.2.3\8f6ea5daedc614f07a3654a455660145286f024e\jakarta.persistence-api-2.2.3.jar;C:\Users\mon0m\.gradle\caches\modules-2\files-2.1\org.hibernate\hibernate-core\5.4.29.Final\74b7c9ad3cb57ae4fd0187480a76f137a7fc3f38\hibernate-core-5.4.29.Final.jar;C:\Users\mon0m\.gradle\caches\modules-2\files-2.1\org.springframework\spring-aspects\5.3.5\b4b1a19e5b0d319dc01d8ef1bf1f4a57cac36e7c\spring-aspects-5.3.5.jar;C:\Users\mon0m\.gradle\caches\modules-2\files-2.1\org.glassfish.jaxb\jaxb-runtime\2.3.3\c46b68a6e3a2d84ba4eb14c6a8a1a9a7be4048bc\jaxb-runtime-2.3.3.jar;C:\Users\mon0m\.gradle\caches\modules-2\files-2.1\jakarta.xml.bind\jakarta.xml.bind-api\2.3.3\48e3b9cfc10752fba3521d6511f4165bea951801\jakarta.xml.bind-api-2.3.3.jar;C:\Users\mon0m\.gradle\caches\modules-2\files-2.1\org.assertj\assertj-core\3.18.1\aaa02680dd92a568a4278bb40aa4a6305f632ec0\assertj-core-3.18.1.jar;C:\Users\mon0m\.gradle\caches\modules-2\files-2.1\org.hamcrest\hamcrest\2.2\1820c0968dba3a11a1b30669bb1f01978a91dedc\hamcrest-2.2.jar;C:\Users\mon0m\.gradle\caches\modules-2\files-2.1\org.mockito\mockito-junit-jupiter\3.6.28\23149890c3b6047604a682aa3d47151d440e1bfa\mockito-junit-jupiter-3.6.28.jar;C:\Users\mon0m\.gradle\caches\modules-2\files-2.1\org.junit.jupiter\junit-jupiter-params\5.7.1\6f81b3c053433a8a40a378d2b4f056c5c31e50ff\junit-jupiter-params-5.7.1.jar;C:\Users\mon0m\.gradle\caches\modules-2\files-2.1\org.junit.jupiter\junit-jupiter-engine\5.7.1\7fcfa59c5533abb41f86b1408960737eeaf1f49f\junit-jupiter-engine-5.7.1.jar;C:\Users\mon0m\.gradle\caches\modules-2\files-2.1\org.junit.jupiter\junit-jupiter-api\5.7.1\a7261dff44e64aea7f621842eac5977fd6d2412d\junit-jupiter-api-5.7.1.jar;C:\Users\mon0m\.gradle\caches\modules-2\files-2.1\org.junit.platform\junit-platform-engine\1.7.1\d276a968c57f5d60a421dedd1f8b6ca2fae09e86\junit-platform-engine-1.7.1.jar;C:\Users\mon0m\.gradle\caches\modules-2\files-2.1\org.junit.platform\junit-platform-commons\1.7.1\7c49f0074842d07f4335de2389d624a7437d1407\junit-platform-commons-1.7.1.jar;C:\Users\mon0m\.gradle\caches\modules-2\files-2.1\org.junit.jupiter\junit-jupiter\5.7.1\a4a80ea9b0cca47781edcf9f2d4f1f4f7ce9436e\junit-jupiter-5.7.1.jar;C:\Users\mon0m\.gradle\caches\modules-2\files-2.1\org.mockito\mockito-core\3.6.28\ad16f503916da658bd7b805816ae3b296f3eea4c\mockito-core-3.6.28.jar;C:\Users\mon0m\.gradle\caches\modules-2\files-2.1\org.skyscreamer\jsonassert\1.5.0\6c9d5fe2f59da598d9aefc1cfc6528ff3cf32df3\jsonassert-1.5.0.jar;C:\Users\mon0m\.gradle\caches\modules-2\files-2.1\org.xmlunit\xmlunit-core\2.7.0\4d014eac96329c70175116b185749765cee0aad5\xmlunit-core-2.7.0.jar;C:\Users\mon0m\.gradle\caches\modules-2\files-2.1\org.apache.tomcat.embed\tomcat-embed-websocket\9.0.44\3208d52d84bf2839f063a81382f9dc49f4864bc9\tomcat-embed-websocket-9.0.44.jar;C:\Users\mon0m\.gradle\caches\modules-2\files-2.1\org.apache.tomcat.embed\tomcat-embed-core\9.0.44\227374f7179e4d34ae6611a20b63ac140f6880ee\tomcat-embed-core-9.0.44.jar;C:\Users\mon0m\.gradle\caches\modules-2\files-2.1\org.apache.tomcat.embed\tomcat-embed-el\9.0.44\89ca10859f21e49077d3588d1e5c049a23e93518\tomcat-embed-el-9.0.44.jar;C:\Users\mon0m\.gradle\caches\modules-2\files-2.1\org.eclipse.jdt\ecj\3.18.0\4d5d0911b30db24c8eb844702c8adf8e434314ff\ecj-3.18.0.jar;C:\Users\mon0m\.gradle\caches\modules-2\files-2.1\jakarta.annotation\jakarta.annotation-api\1.3.5\59eb84ee0d616332ff44aba065f3888cf002cd2d\jakarta.annotation-api-1.3.5.jar;C:\Users\mon0m\.gradle\caches\modules-2\files-2.1\org.glassfish\jakarta.el\3.0.3\dab46ee1ee23f7197c13d7c40fce14817c9017df\jakarta.el-3.0.3.jar;C:\Users\mon0m\.gradle\caches\modules-2\files-2.1\javax.servlet\javax.servlet-api\4.0.1\a27082684a2ff0bf397666c3943496c44541d1ca\javax.servlet-api-4.0.1.jar;C:\Users\mon0m\.gradle\caches\modules-2\files-2.1\org.yaml\snakeyaml\1.27\359d62567480b07a679dc643f82fc926b100eed5\snakeyaml-1.27.jar;C:\Users\mon0m\.gradle\caches\modules-2\files-2.1\org.springframework\spring-jcl\5.3.5\b4d8d3af78fb4e0f86534f75122e6896c37cf3f6\spring-jcl-5.3.5.jar;C:\Users\mon0m\.gradle\caches\modules-2\files-2.1\com.sun.activation\jakarta.activation\1.2.2\74548703f9851017ce2f556066659438019e7eb5\jakarta.activation-1.2.2.jar;C:\Users\mon0m\.gradle\caches\modules-2\files-2.1\com.fasterxml.jackson.datatype\jackson-datatype-jdk8\2.11.4\e1540dea3c6c681ea4e335a960f730861ee3bedb\jackson-datatype-jdk8-2.11.4.jar;C:\Users\mon0m\.gradle\caches\modules-2\files-2.1\com.fasterxml.jackson.datatype\jackson-datatype-jsr310\2.11.4\ce6fc76bba06623720e5a9308386b6ae74753f4d\jackson-datatype-jsr310-2.11.4.jar;C:\Users\mon0m\.gradle\caches\modules-2\files-2.1\com.fasterxml.jackson.module\jackson-module-parameter-names\2.11.4\432e050d79f2282a66c320375d628f1b0842cb12\jackson-module-parameter-names-2.11.4.jar;C:\Users\mon0m\.gradle\caches\modules-2\files-2.1\com.fasterxml.jackson.core\jackson-databind\2.11.4\5d9f3d441f99d721b957e3497f0a6465c764fad4\jackson-databind-2.11.4.jar;C:\Users\mon0m\.gradle\caches\modules-2\files-2.1\jakarta.xml.soap\jakarta.xml.soap-api\1.4.2\4f71fa8ca30be4d04ba658339df3c927fa21209a\jakarta.xml.soap-api-1.4.2.jar;C:\Users\mon0m\.gradle\caches\modules-2\files-2.1\org.jvnet.staxex\stax-ex\1.8.3\4d69b68ee007a
[...]
2021-04-05 01:58:04.602 DEBUG 3952 --- [    Test worker] o.h.p.entity.AbstractEntityPersister     :  Version select: select user_no from user where user_no =?
2021-04-05 01:58:04.602 DEBUG 3952 --- [    Test worker] o.h.p.entity.AbstractEntityPersister     :  Snapshot select: select user_.user_no, user_.user_activation as user_act2_1_, user_.user_birth as user_bir3_1_, user_.user_email as user_ema4_1_, user_.user_emil_re as user_emi5_1_, user_.user_gen as user_gen6_1_, user_.user_name as user_nam7_1_, user_.user_nic as user_nic8_1_, user_.user_phone as user_pho9_1_, user_.user_pw as user_pw10_1_, user_.user_social as user_so11_1_, user_.user_time as user_ti12_1_ from user user_ where user_.user_no=?
2021-04-05 01:58:04.602 DEBUG 3952 --- [    Test worker] o.h.p.entity.AbstractEntityPersister     :  Insert 0: insert into user (user_activation, user_birth, user_email, user_emil_re, user_gen, user_name, user_nic, user_phone, user_pw, user_social, user_time, user_no) values (?, ?, ?, ?, ?, ?, ?, ?, ?, ?, ?, ?)
2021-04-05 01:58:04.602 DEBUG 3952 --- [    Test worker] o.h.p.entity.AbstractEntityPersister     :  Update 0: update user set user_activation=?, user_birth=?, user_email=?, user_emil_re=?, user_gen=?, user_name=?, user_nic=?, user_phone=?, user_pw=?, user_social=?, user_time=? where user_no=?
2021-04-05 01:58:04.602 DEBUG 3952 --- [    Test worker] o.h.p.entity.AbstractEntityPersister     :  Delete 0: delete from user where user_no=?
2021-04-05 01:58:04.602 DEBUG 3952 --- [    Test worker] o.h.p.entity.AbstractEntityPersister     :  Identity insert: insert into user (user_activation, user_birth, user_email, user_emil_re, user_gen, user_name, user_nic, user_phone, user_pw, user_social, user_time) values (?, ?, ?, ?, ?, ?, ?, ?, ?, ?, ?)
2021-04-05 01:58:04.632 DEBUG 3952 --- [    Test worker] o.h.l.p.b.i.spaces.QuerySpacesImpl       : Adding QuerySpace : uid = <gen:0> -> org.hibernate.loader.plan.build.internal.spaces.EntityQuerySpaceImpl@33ebf898]
2021-04-05 01:58:04.633 DEBUG 3952 --- [    Test worker] o.h.p.walking.spi.MetamodelGraphWalker   : Visiting attribute path : user_Activation
2021-04-05 01:58:04.633 DEBUG 3952 --- [    Test worker] o.h.p.walking.spi.MetamodelGraphWalker   : Visiting attribute path : user_birth
2021-04-05 01:58:04.634 DEBUG 3952 --- [    Test worker] o.h.p.walking.spi.MetamodelGraphWalker   : Visiting attribute path : user_email
2021-04-05 01:58:04.634 DEBUG 3952 --- [    Test worker] o.h.p.walking.spi.MetamodelGraphWalker   : Visiting attribute path : user_emil_re
2021-04-05 01:58:04.634 DEBUG 3952 --- [    Test worker] o.h.p.walking.spi.MetamodelGraphWalker   : Visiting attribute path : user_gen
2021-04-05 01:58:04.634 DEBUG 3952 --- [    Test worker] o.h.p.walking.spi.MetamodelGraphWalker   : Visiting attribute path : user_name
2021-04-05 01:58:04.634 DEBUG 3952 --- [    Test worker] o.h.p.walking.spi.MetamodelGraphWalker   : Visiting attribute path : user_nic
2021-04-05 01:58:04.634 DEBUG 3952 --- [    Test worker] o.h.p.walking.spi.MetamodelGraphWalker   : Visiting attribute path : user_phone
2021-04-05 01:58:04.634 DEBUG 3952 --- [    Test worker] o.h.p.walking.spi.MetamodelGraphWalker   : Visiting attribute path : user_pw
2021-04-05 01:58:04.634 DEBUG 3952 --- [    Test worker] o.h.p.walking.spi.MetamodelGraphWalker   : Visiting attribute path : user_social
2021-04-05 01:58:04.634 DEBUG 3952 --- [    Test worker] o.h.p.walking.spi.MetamodelGraphWalker   : Visiting attribute path : user_time
2021-04-05 01:58:04.634 DEBUG 3952 --- [    Test worker] lanBuildingAssociationVisitationStrategy : Building LoadPlan...
2021-04-05 01:58:04.644 DEBUG 3952 --- [    Test worker] h.l.p.e.i.LoadQueryJoinAndFetchProcessor : processing queryspace <gen:0>
2021-04-05 01:58:04.647 DEBUG 3952 --- [    Test worker] o.h.l.p.build.spi.LoadPlanTreePrinter    : LoadPlan(entity=com.project.love_data.model.User)
    - Returns
       - EntityReturnImpl(entity=com.project.love_data.model.User, querySpaceUid=<gen:0>, path=com.project.love_data.model.User)
    - QuerySpaces
       - EntityQuerySpaceImpl(uid=<gen:0>, entity=com.project.love_data.model.User)
          - SQL table alias mapping - user0_
          - alias suffix - 0_
          - suffixed key columns - {user_no1_1_0_}

2021-04-05 01:58:04.649 DEBUG 3952 --- [    Test worker] o.h.loader.entity.plan.EntityLoader      : Static select for entity com.project.love_data.model.User [NONE]: select user0_.user_no as user_no1_1_0_, user0_.user_activation as user_act2_1_0_, user0_.user_birth as user_bir3_1_0_, user0_.user_email as user_ema4_1_0_, user0_.user_emil_re as user_emi5_1_0_, user0_.user_gen as user_gen6_1_0_, user0_.user_name as user_nam7_1_0_, user0_.user_nic as user_nic8_1_0_, user0_.user_phone as user_pho9_1_0_, user0_.user_pw as user_pw10_1_0_, user0_.user_social as user_so11_1_0_, user0_.user_time as user_ti12_1_0_ from user user0_ where user0_.user_no=?
2021-04-05 01:58:04.649 DEBUG 3952 --- [    Test worker] o.h.p.entity.AbstractEntityPersister     : Static SQL for entity: com.project.love_data.model.Test
2021-04-05 01:58:04.649 DEBUG 3952 --- [    Test worker] o.h.p.entity.AbstractEntityPersister     :  Version select: select seq from test where seq =?
2021-04-05 01:58:04.649 DEBUG 3952 --- [    Test worker] o.h.p.entity.AbstractEntityPersister     :  Snapshot select: select test_.seq, test_.country as country2_0_, test_.name as name3_0_ from test test_ where test_.seq=?
2021-04-05 01:58:04.649 DEBUG 3952 --- [    Test worker] o.h.p.entity.AbstractEntityPersister     :  Insert 0: insert into test (country, name, seq) values (?, ?, ?)
2021-04-05 01:58:04.649 DEBUG 3952 --- [    Test worker] o.h.p.entity.AbstractEntityPersister     :  Update 0: update test set country=?, name=? where seq=?
2021-04-05 01:58:04.649 DEBUG 3952 --- [    Test worker] o.h.p.entity.AbstractEntityPersister     :  Delete 0: delete from test where seq=?
2021-04-05 01:58:04.649 DEBUG 3952 --- [    Test worker] o.h.p.entity.AbstractEntityPersister     :  Identity insert: insert into test (country, name) values (?, ?)
2021-04-05 01:58:04.650 DEBUG 3952 --- [    Test worker] o.h.l.p.b.i.spaces.QuerySpacesImpl       : Adding QuerySpace : uid = <gen:0> -> org.hibernate.loader.plan.build.internal.spaces.EntityQuerySpaceImpl@319ebfd1]
2021-04-05 01:58:04.650 DEBUG 3952 --- [    Test worker] o.h.p.walking.spi.MetamodelGraphWalker   : Visiting attribute path : country
2021-04-05 01:58:04.650 DEBUG 3952 --- [    Test worker] o.h.p.walking.spi.MetamodelGraphWalker   : Visiting attribute path : name
2021-04-05 01:58:04.650 DEBUG 3952 --- [    Test worker] lanBuildingAssociationVisitationStrategy : Building LoadPlan...
2021-04-05 01:58:04.650 DEBUG 3952 --- [    Test worker] h.l.p.e.i.LoadQueryJoinAndFetchProcessor : processing queryspace <gen:0>
2021-04-05 01:58:04.650 DEBUG 3952 --- [    Test worker] o.h.l.p.build.spi.LoadPlanTreePrinter    : LoadPlan(entity=com.project.love_data.model.Test)
    - Returns
       - EntityReturnImpl(entity=com.project.love_data.model.Test, querySpaceUid=<gen:0>, path=com.project.love_data.model.Test)
    - QuerySpaces
       - EntityQuerySpaceImpl(uid=<gen:0>, entity=com.project.love_data.model.Test)
          - SQL table alias mapping - test0_
          - alias suffix - 0_
          - suffixed key columns - {seq1_0_0_}

2021-04-05 01:58:04.650 DEBUG 3952 --- [    Test worker] o.h.loader.entity.plan.EntityLoader      : Static select for entity com.project.love_data.model.Test [NONE]: select test0_.seq as seq1_0_0_, test0_.country as country2_0_0_, test0_.name as name3_0_0_ from test test0_ where test0_.seq=?
2021-04-05 01:58:04.720 DEBUG 3952 --- [    Test worker] org.hibernate.mapping.Table              : No alter strings for table : test
2021-04-05 01:58:04.720 DEBUG 3952 --- [    Test worker] org.hibernate.mapping.Table              : No alter strings for table : user
2021-04-05 01:58:04.721  INFO 3952 --- [    Test worker] o.h.e.t.j.p.i.JtaPlatformInitiator       : HHH000490: Using JtaPlatform implementation: [org.hibernate.engine.transaction.jta.platform.internal.NoJtaPlatform]
2021-04-05 01:58:04.722 DEBUG 3952 --- [    Test worker] o.h.query.spi.NamedQueryRepository       : Checking 0 named HQL queries
2021-04-05 01:58:04.722 DEBUG 3952 --- [    Test worker] o.h.query.spi.NamedQueryRepository       : Checking 0 named SQL queries
2021-04-05 01:58:04.730 DEBUG 3952 --- [    Test worker] o.h.internal.SessionFactoryRegistry      : Initializing SessionFactoryRegistry : org.hibernate.internal.SessionFactoryRegistry@172e9662
2021-04-05 01:58:04.730 DEBUG 3952 --- [    Test worker] o.h.internal.SessionFactoryRegistry      : Registering SessionFactory: ffa1cfc8-0006-483f-968d-45e6bc4c83bd (<unnamed>)
2021-04-05 01:58:04.730 DEBUG 3952 --- [    Test worker] o.h.internal.SessionFactoryRegistry      : Not binding SessionFactory to JNDI, no JNDI name configured
2021-04-05 01:58:04.731  INFO 3952 --- [    Test worker] j.LocalContainerEntityManagerFactoryBean : Initialized JPA EntityManagerFactory for persistence unit 'default'
2021-04-05 01:58:04.823  WARN 3952 --- [    Test worker] JpaBaseConfiguration$JpaWebConfiguration : spring.jpa.open-in-view is enabled by default. Therefore, database queries may be performed during view rendering. Explicitly configure spring.jpa.open-in-view to disable this warning
2021-04-05 01:58:05.044 DEBUG 3952 --- [    Test worker] o.h.stat.internal.StatisticsInitiator    : Statistics initialized [enabled=false]
2021-04-05 01:58:05.456  INFO 3952 --- [    Test worker] o.s.s.web.DefaultSecurityFilterChain     : Will secure any request with [org.springframework.security.web.context.request.async.WebAsyncManagerIntegrationFilter@3fa2288a, org.springframework.security.web.context.SecurityContextPersistenceFilter@7f39a1b4, org.springframework.security.web.header.HeaderWriterFilter@3aafcc5c, org.springframework.security.web.csrf.CsrfFilter@2e6cb4d, org.springframework.security.web.authentication.logout.LogoutFilter@4a012144, org.springframework.security.web.savedrequest.RequestCacheAwareFilter@23d19fd4, org.springframework.security.web.servletapi.SecurityContextHolderAwareRequestFilter@3a1ee5f4, org.springframework.security.web.authentication.AnonymousAuthenticationFilter@10f413e7, org.springframework.security.web.session.SessionManagementFilter@39b84719, org.springframework.security.web.access.ExceptionTranslationFilter@57ef41ae]
2021-04-05 01:58:06.013  INFO 3952 --- [    Test worker] o.s.s.concurrent.ThreadPoolTaskExecutor  : Initializing ExecutorService 'applicationTaskExecutor'
2021-04-05 01:58:06.601  INFO 3952 --- [    Test worker] com.project.love_data.UserTest           : Started UserTest in 4.917 seconds (JVM running for 6.195)
2021-04-05 01:58:06.787 DEBUG 3952 --- [    Test worker] org.hibernate.SQL                        : select * from User u where user_email = ? AND user_social=?
Hibernate: select * from User u where user_email = ? AND user_social=?
2021-04-05 01:58:06.805 DEBUG 3952 --- [    Test worker] org.hibernate.loader.Loader              : Result set row: 0
2021-04-05 01:58:06.808 DEBUG 3952 --- [    Test worker] org.hibernate.loader.Loader              : Result row: EntityKey[com.project.love_data.model.User#100]
2021-04-05 01:58:06.816 DEBUG 3952 --- [    Test worker] o.h.engine.internal.TwoPhaseLoad         : Resolving attributes for [com.project.love_data.model.User#100]
2021-04-05 01:58:06.817 DEBUG 3952 --- [    Test worker] o.h.engine.internal.TwoPhaseLoad         : Processing attribute `user_Activation` : value = 1
2021-04-05 01:58:06.817 DEBUG 3952 --- [    Test worker] o.h.engine.internal.TwoPhaseLoad         : Attribute (`user_Activation`)  - enhanced for lazy-loading? - false
2021-04-05 01:58:06.817 DEBUG 3952 --- [    Test worker] o.h.engine.internal.TwoPhaseLoad         : Processing attribute `user_birth` : value = 
2021-04-05 01:58:06.817 DEBUG 3952 --- [    Test worker] o.h.engine.internal.TwoPhaseLoad         : Attribute (`user_birth`)  - enhanced for lazy-loading? - false
2021-04-05 01:58:06.817 DEBUG 3952 --- [    Test worker] o.h.engine.internal.TwoPhaseLoad         : Processing attribute `user_email` : value = User0100@lovedata.com
2021-04-05 01:58:06.817 DEBUG 3952 --- [    Test worker] o.h.engine.internal.TwoPhaseLoad         : Attribute (`user_email`)  - enhanced for lazy-loading? - false
2021-04-05 01:58:06.817 DEBUG 3952 --- [    Test worker] o.h.engine.internal.TwoPhaseLoad         : Processing attribute `user_emil_re` : value = null
2021-04-05 01:58:06.817 DEBUG 3952 --- [    Test worker] o.h.engine.internal.TwoPhaseLoad         : Attribute (`user_emil_re`)  - enhanced for lazy-loading? - false
2021-04-05 01:58:06.817 DEBUG 3952 --- [    Test worker] o.h.engine.internal.TwoPhaseLoad         : Processing attribute `user_gen` : value = 
2021-04-05 01:58:06.817 DEBUG 3952 --- [    Test worker] o.h.engine.internal.TwoPhaseLoad         : Attribute (`user_gen`)  - enhanced for lazy-loading? - false
2021-04-05 01:58:06.818 DEBUG 3952 --- [    Test worker] o.h.engine.internal.TwoPhaseLoad         : Processing attribute `user_name` : value = User0100
2021-04-05 01:58:06.818 DEBUG 3952 --- [    Test worker] o.h.engine.internal.TwoPhaseLoad         : Attribute (`user_name`)  - enhanced for lazy-loading? - false
2021-04-05 01:58:06.818 DEBUG 3952 --- [    Test worker] o.h.engine.internal.TwoPhaseLoad         : Processing attribute `user_nic` : value = User0100
2021-04-05 01:58:06.818 DEBUG 3952 --- [    Test worker] o.h.engine.internal.TwoPhaseLoad         : Attribute (`user_nic`)  - enhanced for lazy-loading? - false
2021-04-05 01:58:06.818 DEBUG 3952 --- [    Test worker] o.h.engine.internal.TwoPhaseLoad         : Processing attribute `user_phone` : value = 010-0000-0000
2021-04-05 01:58:06.818 DEBUG 3952 --- [    Test worker] o.h.engine.internal.TwoPhaseLoad         : Attribute (`user_phone`)  - enhanced for lazy-loading? - false
2021-04-05 01:58:06.818 DEBUG 3952 --- [    Test worker] o.h.engine.internal.TwoPhaseLoad         : Processing attribute `user_pw` : value = 0000
2021-04-05 01:58:06.818 DEBUG 3952 --- [    Test worker] o.h.engine.internal.TwoPhaseLoad         : Attribute (`user_pw`)  - enhanced for lazy-loading? - false
2021-04-05 01:58:06.818 DEBUG 3952 --- [    Test worker] o.h.engine.internal.TwoPhaseLoad         : Processing attribute `user_social` : value = false
2021-04-05 01:58:06.818 DEBUG 3952 --- [    Test worker] o.h.engine.internal.TwoPhaseLoad         : Attribute (`user_social`)  - enhanced for lazy-loading? - false
2021-04-05 01:58:06.818 DEBUG 3952 --- [    Test worker] o.h.engine.internal.TwoPhaseLoad         : Processing attribute `user_time` : value = 2021-04-05T01:35:23
2021-04-05 01:58:06.818 DEBUG 3952 --- [    Test worker] o.h.engine.internal.TwoPhaseLoad         : Attribute (`user_time`)  - enhanced for lazy-loading? - false
2021-04-05 01:58:06.819 DEBUG 3952 --- [    Test worker] o.h.engine.internal.TwoPhaseLoad         : Done materializing entity [com.project.love_data.model.User#100]
########################################
no : 100
email : User0100@lovedata.com
pw : 0000
social : false
name : User0100
nickname : User0100
phone : 010-0000-0000
birth : 
gender : 
registered date : 2021-04-05T01:35:23
Complete
########################################
2021-04-05 01:58:06.824 DEBUG 3952 --- [    Test worker] org.hibernate.SQL                        : select * from User u where user_email = ? AND user_social=?
Hibernate: select * from User u where user_email = ? AND user_social=?
2021-04-05 01:58:06.825 DEBUG 3952 --- [    Test worker] org.hibernate.loader.Loader              : Result set row: 0
2021-04-05 01:58:06.826 DEBUG 3952 --- [    Test worker] org.hibernate.loader.Loader              : Result row: EntityKey[com.project.love_data.model.User#101]
2021-04-05 01:58:06.826 DEBUG 3952 --- [    Test worker] o.h.engine.internal.TwoPhaseLoad         : Resolving attributes for [com.project.love_data.model.User#101]
2021-04-05 01:58:06.826 DEBUG 3952 --- [    Test worker] o.h.engine.internal.TwoPhaseLoad         : Processing attribute `user_Activation` : value = 1
2021-04-05 01:58:06.826 DEBUG 3952 --- [    Test worker] o.h.engine.internal.TwoPhaseLoad         : Attribute (`user_Activation`)  - enhanced for lazy-loading? - false
2021-04-05 01:58:06.826 DEBUG 3952 --- [    Test worker] o.h.engine.internal.TwoPhaseLoad         : Processing attribute `user_birth` : value = 
2021-04-05 01:58:06.826 DEBUG 3952 --- [    Test worker] o.h.engine.internal.TwoPhaseLoad         : Attribute (`user_birth`)  - enhanced for lazy-loading? - false
2021-04-05 01:58:06.826 DEBUG 3952 --- [    Test worker] o.h.engine.internal.TwoPhaseLoad         : Processing attribute `user_email` : value = User0101@lovedata.com
2021-04-05 01:58:06.826 DEBUG 3952 --- [    Test worker] o.h.engine.internal.TwoPhaseLoad         : Attribute (`user_email`)  - enhanced for lazy-loading? - false
2021-04-05 01:58:06.826 DEBUG 3952 --- [    Test worker] o.h.engine.internal.TwoPhaseLoad         : Processing attribute `user_emil_re` : value = null
2021-04-05 01:58:06.827 DEBUG 3952 --- [    Test worker] o.h.engine.internal.TwoPhaseLoad         : Attribute (`user_emil_re`)  - enhanced for lazy-loading? - false
2021-04-05 01:58:06.827 DEBUG 3952 --- [    Test worker] o.h.engine.internal.TwoPhaseLoad         : Processing attribute `user_gen` : value = 
2021-04-05 01:58:06.827 DEBUG 3952 --- [    Test worker] o.h.engine.internal.TwoPhaseLoad         : Attribute (`user_gen`)  - enhanced for lazy-loading? - false
2021-04-05 01:58:06.827 DEBUG 3952 --- [    Test worker] o.h.engine.internal.TwoPhaseLoad         : Processing attribute `user_name` : value = User0101
2021-04-05 01:58:06.827 DEBUG 3952 --- [    Test worker] o.h.engine.internal.TwoPhaseLoad         : Attribute (`user_name`)  - enhanced for lazy-loading? - false
2021-04-05 01:58:06.827 DEBUG 3952 --- [    Test worker] o.h.engine.internal.TwoPhaseLoad         : Processing attribute `user_nic` : value = User0101
2021-04-05 01:58:06.827 DEBUG 3952 --- [    Test worker] o.h.engine.internal.TwoPhaseLoad         : Attribute (`user_nic`)  - enhanced for lazy-loading? - false
2021-04-05 01:58:06.827 DEBUG 3952 --- [    Test worker] o.h.engine.internal.TwoPhaseLoad         : Processing attribute `user_phone` : value = 010-0000-0000
2021-04-05 01:58:06.827 DEBUG 3952 --- [    Test worker] o.h.engine.internal.TwoPhaseLoad         : Attribute (`user_phone`)  - enhanced for lazy-loading? - false
2021-04-05 01:58:06.827 DEBUG 3952 --- [    Test worker] o.h.engine.internal.TwoPhaseLoad         : Processing attribute `user_pw` : value = 0000
2021-04-05 01:58:06.827 DEBUG 3952 --- [    Test worker] o.h.engine.internal.TwoPhaseLoad         : Attribute (`user_pw`)  - enhanced for lazy-loading? - false
2021-04-05 01:58:06.827 DEBUG 3952 --- [    Test worker] o.h.engine.internal.TwoPhaseLoad         : Processing attribute `user_social` : value = true
2021-04-05 01:58:06.827 DEBUG 3952 --- [    Test worker] o.h.engine.internal.TwoPhaseLoad         : Attribute (`user_social`)  - enhanced for lazy-loading? - false
2021-04-05 01:58:06.827 DEBUG 3952 --- [    Test worker] o.h.engine.internal.TwoPhaseLoad         : Processing attribute `user_time` : value = 2021-04-05T01:35:23
2021-04-05 01:58:06.827 DEBUG 3952 --- [    Test worker] o.h.engine.internal.TwoPhaseLoad         : Attribute (`user_time`)  - enhanced for lazy-loading? - false
2021-04-05 01:58:06.827 DEBUG 3952 --- [    Test worker] o.h.engine.internal.TwoPhaseLoad         : Done materializing entity [com.project.love_data.model.User#101]
########################################
no : 101
email : User0101@lovedata.com
pw : 0000
social : true
name : User0101
nickname : User0101
phone : 010-0000-0000
birth : 
gender : 
registered date : 2021-04-05T01:35:23
Complete
########################################
]]></system-out>
  <system-err><![CDATA[]]></system-err>
</testsuite>
